2024-08-13 00:43:12 startup archives unpack
2024-08-13 00:43:12 install netbase:all <none> 6.4
2024-08-13 00:43:12 status half-installed netbase:all 6.4
2024-08-13 00:43:12 status unpacked netbase:all 6.4
2024-08-13 00:43:12 install readline-common:all <none> 8.2-1.3
2024-08-13 00:43:12 status half-installed readline-common:all 8.2-1.3
2024-08-13 00:43:12 status unpacked readline-common:all 8.2-1.3
2024-08-13 00:43:12 install libssl3:amd64 <none> 3.0.13-1~deb12u1
2024-08-13 00:43:12 status triggers-pending libc-bin:amd64 2.36-9+deb12u7
2024-08-13 00:43:12 status half-installed libssl3:amd64 3.0.13-1~deb12u1
2024-08-13 00:43:12 status unpacked libssl3:amd64 3.0.13-1~deb12u1
2024-08-13 00:43:12 install openssl:amd64 <none> 3.0.13-1~deb12u1
2024-08-13 00:43:12 status half-installed openssl:amd64 3.0.13-1~deb12u1
2024-08-13 00:43:12 status unpacked openssl:amd64 3.0.13-1~deb12u1
2024-08-13 00:43:12 install ca-certificates:all <none> 20230311
2024-08-13 00:43:12 status half-installed ca-certificates:all 20230311
2024-08-13 00:43:12 status unpacked ca-certificates:all 20230311
2024-08-13 00:43:12 install libpsl5:amd64 <none> 0.21.2-1
2024-08-13 00:43:12 status half-installed libpsl5:amd64 0.21.2-1
2024-08-13 00:43:12 status unpacked libpsl5:amd64 0.21.2-1
2024-08-13 00:43:12 install wget:amd64 <none> 1.21.3-1+b2
2024-08-13 00:43:12 status half-installed wget:amd64 1.21.3-1+b2
2024-08-13 00:43:12 status unpacked wget:amd64 1.21.3-1+b2
2024-08-13 00:43:12 install libbrotli1:amd64 <none> 1.0.9-2+b6
2024-08-13 00:43:12 status half-installed libbrotli1:amd64 1.0.9-2+b6
2024-08-13 00:43:13 status unpacked libbrotli1:amd64 1.0.9-2+b6
2024-08-13 00:43:13 install libkrb5support0:amd64 <none> 1.20.1-2+deb12u2
2024-08-13 00:43:13 status half-installed libkrb5support0:amd64 1.20.1-2+deb12u2
2024-08-13 00:43:13 status unpacked libkrb5support0:amd64 1.20.1-2+deb12u2
2024-08-13 00:43:13 install libk5crypto3:amd64 <none> 1.20.1-2+deb12u2
2024-08-13 00:43:13 status half-installed libk5crypto3:amd64 1.20.1-2+deb12u2
2024-08-13 00:43:13 status unpacked libk5crypto3:amd64 1.20.1-2+deb12u2
2024-08-13 00:43:13 install libkeyutils1:amd64 <none> 1.6.3-2
2024-08-13 00:43:13 status half-installed libkeyutils1:amd64 1.6.3-2
2024-08-13 00:43:13 status unpacked libkeyutils1:amd64 1.6.3-2
2024-08-13 00:43:13 install libkrb5-3:amd64 <none> 1.20.1-2+deb12u2
2024-08-13 00:43:13 status half-installed libkrb5-3:amd64 1.20.1-2+deb12u2
2024-08-13 00:43:13 status unpacked libkrb5-3:amd64 1.20.1-2+deb12u2
2024-08-13 00:43:13 install libgssapi-krb5-2:amd64 <none> 1.20.1-2+deb12u2
2024-08-13 00:43:13 status half-installed libgssapi-krb5-2:amd64 1.20.1-2+deb12u2
2024-08-13 00:43:13 status unpacked libgssapi-krb5-2:amd64 1.20.1-2+deb12u2
2024-08-13 00:43:13 install libsasl2-modules-db:amd64 <none> 2.1.28+dfsg-10
2024-08-13 00:43:13 status half-installed libsasl2-modules-db:amd64 2.1.28+dfsg-10
2024-08-13 00:43:13 status unpacked libsasl2-modules-db:amd64 2.1.28+dfsg-10
2024-08-13 00:43:13 install libsasl2-2:amd64 <none> 2.1.28+dfsg-10
2024-08-13 00:43:13 status half-installed libsasl2-2:amd64 2.1.28+dfsg-10
2024-08-13 00:43:13 status unpacked libsasl2-2:amd64 2.1.28+dfsg-10
2024-08-13 00:43:13 install libldap-2.5-0:amd64 <none> 2.5.13+dfsg-5
2024-08-13 00:43:13 status half-installed libldap-2.5-0:amd64 2.5.13+dfsg-5
2024-08-13 00:43:13 status unpacked libldap-2.5-0:amd64 2.5.13+dfsg-5
2024-08-13 00:43:13 install libnghttp2-14:amd64 <none> 1.52.0-1+deb12u1
2024-08-13 00:43:13 status half-installed libnghttp2-14:amd64 1.52.0-1+deb12u1
2024-08-13 00:43:13 status unpacked libnghttp2-14:amd64 1.52.0-1+deb12u1
2024-08-13 00:43:13 install librtmp1:amd64 <none> 2.4+20151223.gitfa8646d.1-2+b2
2024-08-13 00:43:13 status half-installed librtmp1:amd64 2.4+20151223.gitfa8646d.1-2+b2
2024-08-13 00:43:13 status unpacked librtmp1:amd64 2.4+20151223.gitfa8646d.1-2+b2
2024-08-13 00:43:13 install libssh2-1:amd64 <none> 1.10.0-3+b1
2024-08-13 00:43:13 status half-installed libssh2-1:amd64 1.10.0-3+b1
2024-08-13 00:43:13 status unpacked libssh2-1:amd64 1.10.0-3+b1
2024-08-13 00:43:13 install libcurl4:amd64 <none> 7.88.1-10+deb12u6
2024-08-13 00:43:13 status half-installed libcurl4:amd64 7.88.1-10+deb12u6
2024-08-13 00:43:13 status unpacked libcurl4:amd64 7.88.1-10+deb12u6
2024-08-13 00:43:13 install curl:amd64 <none> 7.88.1-10+deb12u6
2024-08-13 00:43:13 status half-installed curl:amd64 7.88.1-10+deb12u6
2024-08-13 00:43:13 status unpacked curl:amd64 7.88.1-10+deb12u6
2024-08-13 00:43:13 install libassuan0:amd64 <none> 2.5.5-5
2024-08-13 00:43:13 status half-installed libassuan0:amd64 2.5.5-5
2024-08-13 00:43:13 status unpacked libassuan0:amd64 2.5.5-5
2024-08-13 00:43:13 install libreadline8:amd64 <none> 8.2-1.3
2024-08-13 00:43:13 status half-installed libreadline8:amd64 8.2-1.3
2024-08-13 00:43:13 status unpacked libreadline8:amd64 8.2-1.3
2024-08-13 00:43:13 install gpgconf:amd64 <none> 2.2.40-1.1
2024-08-13 00:43:13 status half-installed gpgconf:amd64 2.2.40-1.1
2024-08-13 00:43:13 status unpacked gpgconf:amd64 2.2.40-1.1
2024-08-13 00:43:13 install libksba8:amd64 <none> 1.6.3-2
2024-08-13 00:43:13 status half-installed libksba8:amd64 1.6.3-2
2024-08-13 00:43:13 status unpacked libksba8:amd64 1.6.3-2
2024-08-13 00:43:13 install libnpth0:amd64 <none> 1.6-3
2024-08-13 00:43:13 status half-installed libnpth0:amd64 1.6-3
2024-08-13 00:43:13 status unpacked libnpth0:amd64 1.6-3
2024-08-13 00:43:13 install dirmngr:amd64 <none> 2.2.40-1.1
2024-08-13 00:43:13 status half-installed dirmngr:amd64 2.2.40-1.1
2024-08-13 00:43:14 status unpacked dirmngr:amd64 2.2.40-1.1
2024-08-13 00:43:14 install gnupg-l10n:all <none> 2.2.40-1.1
2024-08-13 00:43:14 status half-installed gnupg-l10n:all 2.2.40-1.1
2024-08-13 00:43:14 status unpacked gnupg-l10n:all 2.2.40-1.1
2024-08-13 00:43:14 install gnupg-utils:amd64 <none> 2.2.40-1.1
2024-08-13 00:43:14 status half-installed gnupg-utils:amd64 2.2.40-1.1
2024-08-13 00:43:14 status unpacked gnupg-utils:amd64 2.2.40-1.1
2024-08-13 00:43:14 install libsqlite3-0:amd64 <none> 3.40.1-2
2024-08-13 00:43:14 status half-installed libsqlite3-0:amd64 3.40.1-2
2024-08-13 00:43:14 status unpacked libsqlite3-0:amd64 3.40.1-2
2024-08-13 00:43:14 install gpg:amd64 <none> 2.2.40-1.1
2024-08-13 00:43:14 status half-installed gpg:amd64 2.2.40-1.1
2024-08-13 00:43:14 status unpacked gpg:amd64 2.2.40-1.1
2024-08-13 00:43:14 install libncursesw6:amd64 <none> 6.4-4
2024-08-13 00:43:14 status half-installed libncursesw6:amd64 6.4-4
2024-08-13 00:43:14 status unpacked libncursesw6:amd64 6.4-4
2024-08-13 00:43:14 install pinentry-curses:amd64 <none> 1.2.1-1
2024-08-13 00:43:14 status half-installed pinentry-curses:amd64 1.2.1-1
2024-08-13 00:43:14 status unpacked pinentry-curses:amd64 1.2.1-1
2024-08-13 00:43:14 install gpg-agent:amd64 <none> 2.2.40-1.1
2024-08-13 00:43:14 status half-installed gpg-agent:amd64 2.2.40-1.1
2024-08-13 00:43:14 status unpacked gpg-agent:amd64 2.2.40-1.1
2024-08-13 00:43:14 install gpg-wks-client:amd64 <none> 2.2.40-1.1
2024-08-13 00:43:14 status half-installed gpg-wks-client:amd64 2.2.40-1.1
2024-08-13 00:43:14 status unpacked gpg-wks-client:amd64 2.2.40-1.1
2024-08-13 00:43:14 install gpg-wks-server:amd64 <none> 2.2.40-1.1
2024-08-13 00:43:14 status half-installed gpg-wks-server:amd64 2.2.40-1.1
2024-08-13 00:43:14 status unpacked gpg-wks-server:amd64 2.2.40-1.1
2024-08-13 00:43:14 install gpgsm:amd64 <none> 2.2.40-1.1
2024-08-13 00:43:14 status half-installed gpgsm:amd64 2.2.40-1.1
2024-08-13 00:43:14 status unpacked gpgsm:amd64 2.2.40-1.1
2024-08-13 00:43:14 install gnupg:all <none> 2.2.40-1.1
2024-08-13 00:43:14 status half-installed gnupg:all 2.2.40-1.1
2024-08-13 00:43:14 status unpacked gnupg:all 2.2.40-1.1
2024-08-13 00:43:14 install sq:amd64 <none> 0.27.0-2+b1
2024-08-13 00:43:14 status half-installed sq:amd64 0.27.0-2+b1
2024-08-13 00:43:14 status unpacked sq:amd64 0.27.0-2+b1
2024-08-13 00:43:15 startup packages configure
2024-08-13 00:43:15 configure libksba8:amd64 1.6.3-2 <none>
2024-08-13 00:43:15 status unpacked libksba8:amd64 1.6.3-2
2024-08-13 00:43:15 status half-configured libksba8:amd64 1.6.3-2
2024-08-13 00:43:15 status installed libksba8:amd64 1.6.3-2
2024-08-13 00:43:15 configure libkeyutils1:amd64 1.6.3-2 <none>
2024-08-13 00:43:15 status unpacked libkeyutils1:amd64 1.6.3-2
2024-08-13 00:43:15 status half-configured libkeyutils1:amd64 1.6.3-2
2024-08-13 00:43:15 status installed libkeyutils1:amd64 1.6.3-2
2024-08-13 00:43:15 configure libpsl5:amd64 0.21.2-1 <none>
2024-08-13 00:43:15 status unpacked libpsl5:amd64 0.21.2-1
2024-08-13 00:43:15 status half-configured libpsl5:amd64 0.21.2-1
2024-08-13 00:43:15 status installed libpsl5:amd64 0.21.2-1
2024-08-13 00:43:15 configure wget:amd64 1.21.3-1+b2 <none>
2024-08-13 00:43:15 status unpacked wget:amd64 1.21.3-1+b2
2024-08-13 00:43:15 status half-configured wget:amd64 1.21.3-1+b2
2024-08-13 00:43:15 status installed wget:amd64 1.21.3-1+b2
2024-08-13 00:43:15 configure libbrotli1:amd64 1.0.9-2+b6 <none>
2024-08-13 00:43:15 status unpacked libbrotli1:amd64 1.0.9-2+b6
2024-08-13 00:43:15 status half-configured libbrotli1:amd64 1.0.9-2+b6
2024-08-13 00:43:15 status installed libbrotli1:amd64 1.0.9-2+b6
2024-08-13 00:43:15 configure libsqlite3-0:amd64 3.40.1-2 <none>
2024-08-13 00:43:15 status unpacked libsqlite3-0:amd64 3.40.1-2
2024-08-13 00:43:15 status half-configured libsqlite3-0:amd64 3.40.1-2
2024-08-13 00:43:15 status installed libsqlite3-0:amd64 3.40.1-2
2024-08-13 00:43:15 configure libssl3:amd64 3.0.13-1~deb12u1 <none>
2024-08-13 00:43:15 status unpacked libssl3:amd64 3.0.13-1~deb12u1
2024-08-13 00:43:15 status half-configured libssl3:amd64 3.0.13-1~deb12u1
2024-08-13 00:43:15 status installed libssl3:amd64 3.0.13-1~deb12u1
2024-08-13 00:43:15 configure libnghttp2-14:amd64 1.52.0-1+deb12u1 <none>
2024-08-13 00:43:15 status unpacked libnghttp2-14:amd64 1.52.0-1+deb12u1
2024-08-13 00:43:15 status half-configured libnghttp2-14:amd64 1.52.0-1+deb12u1
2024-08-13 00:43:15 status installed libnghttp2-14:amd64 1.52.0-1+deb12u1
2024-08-13 00:43:15 configure libnpth0:amd64 1.6-3 <none>
2024-08-13 00:43:15 status unpacked libnpth0:amd64 1.6-3
2024-08-13 00:43:15 status half-configured libnpth0:amd64 1.6-3
2024-08-13 00:43:15 status installed libnpth0:amd64 1.6-3
2024-08-13 00:43:15 configure sq:amd64 0.27.0-2+b1 <none>
2024-08-13 00:43:15 status unpacked sq:amd64 0.27.0-2+b1
2024-08-13 00:43:15 status half-configured sq:amd64 0.27.0-2+b1
2024-08-13 00:43:15 status installed sq:amd64 0.27.0-2+b1
2024-08-13 00:43:15 configure libassuan0:amd64 2.5.5-5 <none>
2024-08-13 00:43:15 status unpacked libassuan0:amd64 2.5.5-5
2024-08-13 00:43:15 status half-configured libassuan0:amd64 2.5.5-5
2024-08-13 00:43:15 status installed libassuan0:amd64 2.5.5-5
2024-08-13 00:43:15 configure libkrb5support0:amd64 1.20.1-2+deb12u2 <none>
2024-08-13 00:43:15 status unpacked libkrb5support0:amd64 1.20.1-2+deb12u2
2024-08-13 00:43:15 status half-configured libkrb5support0:amd64 1.20.1-2+deb12u2
2024-08-13 00:43:15 status installed libkrb5support0:amd64 1.20.1-2+deb12u2
2024-08-13 00:43:15 configure libsasl2-modules-db:amd64 2.1.28+dfsg-10 <none>
2024-08-13 00:43:15 status unpacked libsasl2-modules-db:amd64 2.1.28+dfsg-10
2024-08-13 00:43:15 status half-configured libsasl2-modules-db:amd64 2.1.28+dfsg-10
2024-08-13 00:43:15 status installed libsasl2-modules-db:amd64 2.1.28+dfsg-10
2024-08-13 00:43:15 configure gnupg-l10n:all 2.2.40-1.1 <none>
2024-08-13 00:43:15 status unpacked gnupg-l10n:all 2.2.40-1.1
2024-08-13 00:43:15 status half-configured gnupg-l10n:all 2.2.40-1.1
2024-08-13 00:43:15 status installed gnupg-l10n:all 2.2.40-1.1
2024-08-13 00:43:15 configure librtmp1:amd64 2.4+20151223.gitfa8646d.1-2+b2 <none>
2024-08-13 00:43:15 status unpacked librtmp1:amd64 2.4+20151223.gitfa8646d.1-2+b2
2024-08-13 00:43:15 status half-configured librtmp1:amd64 2.4+20151223.gitfa8646d.1-2+b2
2024-08-13 00:43:15 status installed librtmp1:amd64 2.4+20151223.gitfa8646d.1-2+b2
2024-08-13 00:43:15 configure libncursesw6:amd64 6.4-4 <none>
2024-08-13 00:43:15 status unpacked libncursesw6:amd64 6.4-4
2024-08-13 00:43:15 status half-configured libncursesw6:amd64 6.4-4
2024-08-13 00:43:15 status installed libncursesw6:amd64 6.4-4
2024-08-13 00:43:15 configure libk5crypto3:amd64 1.20.1-2+deb12u2 <none>
2024-08-13 00:43:15 status unpacked libk5crypto3:amd64 1.20.1-2+deb12u2
2024-08-13 00:43:15 status half-configured libk5crypto3:amd64 1.20.1-2+deb12u2
2024-08-13 00:43:15 status installed libk5crypto3:amd64 1.20.1-2+deb12u2
2024-08-13 00:43:15 configure libsasl2-2:amd64 2.1.28+dfsg-10 <none>
2024-08-13 00:43:15 status unpacked libsasl2-2:amd64 2.1.28+dfsg-10
2024-08-13 00:43:15 status half-configured libsasl2-2:amd64 2.1.28+dfsg-10
2024-08-13 00:43:15 status installed libsasl2-2:amd64 2.1.28+dfsg-10
2024-08-13 00:43:15 configure libssh2-1:amd64 1.10.0-3+b1 <none>
2024-08-13 00:43:15 status unpacked libssh2-1:amd64 1.10.0-3+b1
2024-08-13 00:43:15 status half-configured libssh2-1:amd64 1.10.0-3+b1
2024-08-13 00:43:15 status installed libssh2-1:amd64 1.10.0-3+b1
2024-08-13 00:43:15 configure netbase:all 6.4 <none>
2024-08-13 00:43:15 status unpacked netbase:all 6.4
2024-08-13 00:43:15 status half-configured netbase:all 6.4
2024-08-13 00:43:15 status installed netbase:all 6.4
2024-08-13 00:43:15 configure libkrb5-3:amd64 1.20.1-2+deb12u2 <none>
2024-08-13 00:43:15 status unpacked libkrb5-3:amd64 1.20.1-2+deb12u2
2024-08-13 00:43:15 status half-configured libkrb5-3:amd64 1.20.1-2+deb12u2
2024-08-13 00:43:15 status installed libkrb5-3:amd64 1.20.1-2+deb12u2
2024-08-13 00:43:15 configure openssl:amd64 3.0.13-1~deb12u1 <none>
2024-08-13 00:43:15 status unpacked openssl:amd64 3.0.13-1~deb12u1
2024-08-13 00:43:15 status half-configured openssl:amd64 3.0.13-1~deb12u1
2024-08-13 00:43:15 status installed openssl:amd64 3.0.13-1~deb12u1
2024-08-13 00:43:15 configure readline-common:all 8.2-1.3 <none>
2024-08-13 00:43:15 status unpacked readline-common:all 8.2-1.3
2024-08-13 00:43:15 status half-configured readline-common:all 8.2-1.3
2024-08-13 00:43:15 status installed readline-common:all 8.2-1.3
2024-08-13 00:43:15 configure pinentry-curses:amd64 1.2.1-1 <none>
2024-08-13 00:43:15 status unpacked pinentry-curses:amd64 1.2.1-1
2024-08-13 00:43:15 status half-configured pinentry-curses:amd64 1.2.1-1
2024-08-13 00:43:15 status installed pinentry-curses:amd64 1.2.1-1
2024-08-13 00:43:15 configure libreadline8:amd64 8.2-1.3 <none>
2024-08-13 00:43:15 status unpacked libreadline8:amd64 8.2-1.3
2024-08-13 00:43:15 status half-configured libreadline8:amd64 8.2-1.3
2024-08-13 00:43:15 status installed libreadline8:amd64 8.2-1.3
2024-08-13 00:43:15 configure libldap-2.5-0:amd64 2.5.13+dfsg-5 <none>
2024-08-13 00:43:15 status unpacked libldap-2.5-0:amd64 2.5.13+dfsg-5
2024-08-13 00:43:15 status half-configured libldap-2.5-0:amd64 2.5.13+dfsg-5
2024-08-13 00:43:15 status installed libldap-2.5-0:amd64 2.5.13+dfsg-5
2024-08-13 00:43:15 configure ca-certificates:all 20230311 <none>
2024-08-13 00:43:15 status unpacked ca-certificates:all 20230311
2024-08-13 00:43:15 status half-configured ca-certificates:all 20230311
2024-08-13 00:43:16 status installed ca-certificates:all 20230311
2024-08-13 00:43:16 status triggers-pending ca-certificates:all 20230311
2024-08-13 00:43:16 configure libgssapi-krb5-2:amd64 1.20.1-2+deb12u2 <none>
2024-08-13 00:43:16 status unpacked libgssapi-krb5-2:amd64 1.20.1-2+deb12u2
2024-08-13 00:43:16 status half-configured libgssapi-krb5-2:amd64 1.20.1-2+deb12u2
2024-08-13 00:43:16 status installed libgssapi-krb5-2:amd64 1.20.1-2+deb12u2
2024-08-13 00:43:16 configure gpgconf:amd64 2.2.40-1.1 <none>
2024-08-13 00:43:16 status unpacked gpgconf:amd64 2.2.40-1.1
2024-08-13 00:43:16 status half-configured gpgconf:amd64 2.2.40-1.1
2024-08-13 00:43:16 status installed gpgconf:amd64 2.2.40-1.1
2024-08-13 00:43:16 configure libcurl4:amd64 7.88.1-10+deb12u6 <none>
2024-08-13 00:43:16 status unpacked libcurl4:amd64 7.88.1-10+deb12u6
2024-08-13 00:43:16 status half-configured libcurl4:amd64 7.88.1-10+deb12u6
2024-08-13 00:43:16 status installed libcurl4:amd64 7.88.1-10+deb12u6
2024-08-13 00:43:16 configure curl:amd64 7.88.1-10+deb12u6 <none>
2024-08-13 00:43:16 status unpacked curl:amd64 7.88.1-10+deb12u6
2024-08-13 00:43:16 status half-configured curl:amd64 7.88.1-10+deb12u6
2024-08-13 00:43:16 status installed curl:amd64 7.88.1-10+deb12u6
2024-08-13 00:43:16 configure gpg:amd64 2.2.40-1.1 <none>
2024-08-13 00:43:16 status unpacked gpg:amd64 2.2.40-1.1
2024-08-13 00:43:16 status half-configured gpg:amd64 2.2.40-1.1
2024-08-13 00:43:16 status installed gpg:amd64 2.2.40-1.1
2024-08-13 00:43:16 configure gnupg-utils:amd64 2.2.40-1.1 <none>
2024-08-13 00:43:16 status unpacked gnupg-utils:amd64 2.2.40-1.1
2024-08-13 00:43:16 status half-configured gnupg-utils:amd64 2.2.40-1.1
2024-08-13 00:43:16 status installed gnupg-utils:amd64 2.2.40-1.1
2024-08-13 00:43:16 configure gpg-agent:amd64 2.2.40-1.1 <none>
2024-08-13 00:43:16 status unpacked gpg-agent:amd64 2.2.40-1.1
2024-08-13 00:43:16 status half-configured gpg-agent:amd64 2.2.40-1.1
2024-08-13 00:43:16 status installed gpg-agent:amd64 2.2.40-1.1
2024-08-13 00:43:16 configure gpgsm:amd64 2.2.40-1.1 <none>
2024-08-13 00:43:16 status unpacked gpgsm:amd64 2.2.40-1.1
2024-08-13 00:43:16 status half-configured gpgsm:amd64 2.2.40-1.1
2024-08-13 00:43:16 status installed gpgsm:amd64 2.2.40-1.1
2024-08-13 00:43:16 configure dirmngr:amd64 2.2.40-1.1 <none>
2024-08-13 00:43:16 status unpacked dirmngr:amd64 2.2.40-1.1
2024-08-13 00:43:16 status half-configured dirmngr:amd64 2.2.40-1.1
2024-08-13 00:43:16 status installed dirmngr:amd64 2.2.40-1.1
2024-08-13 00:43:16 configure gpg-wks-server:amd64 2.2.40-1.1 <none>
2024-08-13 00:43:16 status unpacked gpg-wks-server:amd64 2.2.40-1.1
2024-08-13 00:43:16 status half-configured gpg-wks-server:amd64 2.2.40-1.1
2024-08-13 00:43:16 status installed gpg-wks-server:amd64 2.2.40-1.1
2024-08-13 00:43:16 configure gpg-wks-client:amd64 2.2.40-1.1 <none>
2024-08-13 00:43:16 status unpacked gpg-wks-client:amd64 2.2.40-1.1
2024-08-13 00:43:16 status half-configured gpg-wks-client:amd64 2.2.40-1.1
2024-08-13 00:43:16 status installed gpg-wks-client:amd64 2.2.40-1.1
2024-08-13 00:43:16 configure gnupg:all 2.2.40-1.1 <none>
2024-08-13 00:43:16 status unpacked gnupg:all 2.2.40-1.1
2024-08-13 00:43:16 status half-configured gnupg:all 2.2.40-1.1
2024-08-13 00:43:16 status installed gnupg:all 2.2.40-1.1
2024-08-13 00:43:16 trigproc libc-bin:amd64 2.36-9+deb12u7 <none>
2024-08-13 00:43:16 status half-configured libc-bin:amd64 2.36-9+deb12u7
2024-08-13 00:43:16 status installed libc-bin:amd64 2.36-9+deb12u7
2024-08-13 00:43:16 trigproc ca-certificates:all 20230311 <none>
2024-08-13 00:43:16 status half-configured ca-certificates:all 20230311
2024-08-13 00:43:17 status installed ca-certificates:all 20230311
2024-08-13 00:43:27 startup archives unpack
2024-08-13 00:43:27 install perl-modules-5.36:all <none> 5.36.0-7+deb12u1
2024-08-13 00:43:27 status half-installed perl-modules-5.36:all 5.36.0-7+deb12u1
2024-08-13 00:43:27 status unpacked perl-modules-5.36:all 5.36.0-7+deb12u1
2024-08-13 00:43:28 install libgdbm6:amd64 <none> 1.23-3
2024-08-13 00:43:28 status triggers-pending libc-bin:amd64 2.36-9+deb12u7
2024-08-13 00:43:28 status half-installed libgdbm6:amd64 1.23-3
2024-08-13 00:43:28 status unpacked libgdbm6:amd64 1.23-3
2024-08-13 00:43:28 install libgdbm-compat4:amd64 <none> 1.23-3
2024-08-13 00:43:28 status half-installed libgdbm-compat4:amd64 1.23-3
2024-08-13 00:43:28 status unpacked libgdbm-compat4:amd64 1.23-3
2024-08-13 00:43:28 install libperl5.36:amd64 <none> 5.36.0-7+deb12u1
2024-08-13 00:43:28 status half-installed libperl5.36:amd64 5.36.0-7+deb12u1
2024-08-13 00:43:28 status unpacked libperl5.36:amd64 5.36.0-7+deb12u1
2024-08-13 00:43:28 install perl:amd64 <none> 5.36.0-7+deb12u1
2024-08-13 00:43:28 status half-installed perl:amd64 5.36.0-7+deb12u1
2024-08-13 00:43:28 status unpacked perl:amd64 5.36.0-7+deb12u1
2024-08-13 00:43:28 install libpython3.11-minimal:amd64 <none> 3.11.2-6+deb12u2
2024-08-13 00:43:28 status half-installed libpython3.11-minimal:amd64 3.11.2-6+deb12u2
2024-08-13 00:43:28 status unpacked libpython3.11-minimal:amd64 3.11.2-6+deb12u2
2024-08-13 00:43:28 install libexpat1:amd64 <none> 2.5.0-1
2024-08-13 00:43:28 status half-installed libexpat1:amd64 2.5.0-1
2024-08-13 00:43:28 status unpacked libexpat1:amd64 2.5.0-1
2024-08-13 00:43:28 install python3.11-minimal:amd64 <none> 3.11.2-6+deb12u2
2024-08-13 00:43:28 status half-installed python3.11-minimal:amd64 3.11.2-6+deb12u2
2024-08-13 00:43:28 status unpacked python3.11-minimal:amd64 3.11.2-6+deb12u2
2024-08-13 00:43:28 startup packages configure
2024-08-13 00:43:28 configure libpython3.11-minimal:amd64 3.11.2-6+deb12u2 <none>
2024-08-13 00:43:28 status unpacked libpython3.11-minimal:amd64 3.11.2-6+deb12u2
2024-08-13 00:43:28 status half-configured libpython3.11-minimal:amd64 3.11.2-6+deb12u2
2024-08-13 00:43:28 status installed libpython3.11-minimal:amd64 3.11.2-6+deb12u2
2024-08-13 00:43:28 configure libexpat1:amd64 2.5.0-1 <none>
2024-08-13 00:43:28 status unpacked libexpat1:amd64 2.5.0-1
2024-08-13 00:43:28 status half-configured libexpat1:amd64 2.5.0-1
2024-08-13 00:43:28 status installed libexpat1:amd64 2.5.0-1
2024-08-13 00:43:28 configure python3.11-minimal:amd64 3.11.2-6+deb12u2 <none>
2024-08-13 00:43:28 status unpacked python3.11-minimal:amd64 3.11.2-6+deb12u2
2024-08-13 00:43:28 status half-configured python3.11-minimal:amd64 3.11.2-6+deb12u2
2024-08-13 00:43:29 status installed python3.11-minimal:amd64 3.11.2-6+deb12u2
2024-08-13 00:43:29 startup archives unpack
2024-08-13 00:43:29 install python3-minimal:amd64 <none> 3.11.2-1+b1
2024-08-13 00:43:29 status half-installed python3-minimal:amd64 3.11.2-1+b1
2024-08-13 00:43:29 status unpacked python3-minimal:amd64 3.11.2-1+b1
2024-08-13 00:43:29 install media-types:all <none> 10.0.0
2024-08-13 00:43:29 status half-installed media-types:all 10.0.0
2024-08-13 00:43:29 status unpacked media-types:all 10.0.0
2024-08-13 00:43:29 install libtirpc-common:all <none> 1.3.3+ds-1
2024-08-13 00:43:29 status half-installed libtirpc-common:all 1.3.3+ds-1
2024-08-13 00:43:29 status unpacked libtirpc-common:all 1.3.3+ds-1
2024-08-13 00:43:29 install libtirpc3:amd64 <none> 1.3.3+ds-1
2024-08-13 00:43:29 status half-installed libtirpc3:amd64 1.3.3+ds-1
2024-08-13 00:43:29 status unpacked libtirpc3:amd64 1.3.3+ds-1
2024-08-13 00:43:29 install libnsl2:amd64 <none> 1.3.0-2
2024-08-13 00:43:29 status half-installed libnsl2:amd64 1.3.0-2
2024-08-13 00:43:29 status unpacked libnsl2:amd64 1.3.0-2
2024-08-13 00:43:29 install libpython3.11-stdlib:amd64 <none> 3.11.2-6+deb12u2
2024-08-13 00:43:29 status half-installed libpython3.11-stdlib:amd64 3.11.2-6+deb12u2
2024-08-13 00:43:29 status unpacked libpython3.11-stdlib:amd64 3.11.2-6+deb12u2
2024-08-13 00:43:29 install python3.11:amd64 <none> 3.11.2-6+deb12u2
2024-08-13 00:43:29 status half-installed python3.11:amd64 3.11.2-6+deb12u2
2024-08-13 00:43:29 status unpacked python3.11:amd64 3.11.2-6+deb12u2
2024-08-13 00:43:30 install libpython3-stdlib:amd64 <none> 3.11.2-1+b1
2024-08-13 00:43:30 status half-installed libpython3-stdlib:amd64 3.11.2-1+b1
2024-08-13 00:43:30 status unpacked libpython3-stdlib:amd64 3.11.2-1+b1
2024-08-13 00:43:30 startup packages configure
2024-08-13 00:43:30 configure python3-minimal:amd64 3.11.2-1+b1 <none>
2024-08-13 00:43:30 status unpacked python3-minimal:amd64 3.11.2-1+b1
2024-08-13 00:43:30 status half-configured python3-minimal:amd64 3.11.2-1+b1
2024-08-13 00:43:30 status installed python3-minimal:amd64 3.11.2-1+b1
2024-08-13 00:43:30 startup archives unpack
2024-08-13 00:43:30 install python3:amd64 <none> 3.11.2-1+b1
2024-08-13 00:43:30 status half-installed python3:amd64 3.11.2-1+b1
2024-08-13 00:43:30 status unpacked python3:amd64 3.11.2-1+b1
2024-08-13 00:43:30 install libproc2-0:amd64 <none> 2:4.0.2-3
2024-08-13 00:43:30 status half-installed libproc2-0:amd64 2:4.0.2-3
2024-08-13 00:43:30 status unpacked libproc2-0:amd64 2:4.0.2-3
2024-08-13 00:43:30 install procps:amd64 <none> 2:4.0.2-3
2024-08-13 00:43:30 status half-installed procps:amd64 2:4.0.2-3
2024-08-13 00:43:30 status unpacked procps:amd64 2:4.0.2-3
2024-08-13 00:43:30 install sensible-utils:all <none> 0.0.17+nmu1
2024-08-13 00:43:30 status half-installed sensible-utils:all 0.0.17+nmu1
2024-08-13 00:43:30 status unpacked sensible-utils:all 0.0.17+nmu1
2024-08-13 00:43:30 install libbsd0:amd64 <none> 0.11.7-2
2024-08-13 00:43:30 status half-installed libbsd0:amd64 0.11.7-2
2024-08-13 00:43:30 status unpacked libbsd0:amd64 0.11.7-2
2024-08-13 00:43:30 install libedit2:amd64 <none> 3.1-20221030-2
2024-08-13 00:43:30 status half-installed libedit2:amd64 3.1-20221030-2
2024-08-13 00:43:30 status unpacked libedit2:amd64 3.1-20221030-2
2024-08-13 00:43:30 install libcbor0.8:amd64 <none> 0.8.0-2+b1
2024-08-13 00:43:30 status half-installed libcbor0.8:amd64 0.8.0-2+b1
2024-08-13 00:43:30 status unpacked libcbor0.8:amd64 0.8.0-2+b1
2024-08-13 00:43:30 install libfido2-1:amd64 <none> 1.12.0-2+b1
2024-08-13 00:43:30 status half-installed libfido2-1:amd64 1.12.0-2+b1
2024-08-13 00:43:30 status unpacked libfido2-1:amd64 1.12.0-2+b1
2024-08-13 00:43:30 install openssh-client:amd64 <none> 1:9.2p1-2+deb12u3
2024-08-13 00:43:30 status half-installed openssh-client:amd64 1:9.2p1-2+deb12u3
2024-08-13 00:43:30 status unpacked openssh-client:amd64 1:9.2p1-2+deb12u3
2024-08-13 00:43:30 install ucf:all <none> 3.0043+nmu1
2024-08-13 00:43:30 status half-installed ucf:all 3.0043+nmu1
2024-08-13 00:43:30 status unpacked ucf:all 3.0043+nmu1
2024-08-13 00:43:30 install libcurl3-gnutls:amd64 <none> 7.88.1-10+deb12u6
2024-08-13 00:43:30 status half-installed libcurl3-gnutls:amd64 7.88.1-10+deb12u6
2024-08-13 00:43:30 status unpacked libcurl3-gnutls:amd64 7.88.1-10+deb12u6
2024-08-13 00:43:30 install liberror-perl:all <none> 0.17029-2
2024-08-13 00:43:30 status half-installed liberror-perl:all 0.17029-2
2024-08-13 00:43:30 status unpacked liberror-perl:all 0.17029-2
2024-08-13 00:43:30 install git-man:all <none> 1:2.39.2-1.1
2024-08-13 00:43:30 status half-installed git-man:all 1:2.39.2-1.1
2024-08-13 00:43:31 status unpacked git-man:all 1:2.39.2-1.1
2024-08-13 00:43:31 install git:amd64 <none> 1:2.39.2-1.1
2024-08-13 00:43:31 status half-installed git:amd64 1:2.39.2-1.1
2024-08-13 00:43:31 status unpacked git:amd64 1:2.39.2-1.1
2024-08-13 00:43:31 install libapr1:amd64 <none> 1.7.2-3
2024-08-13 00:43:31 status half-installed libapr1:amd64 1.7.2-3
2024-08-13 00:43:31 status unpacked libapr1:amd64 1.7.2-3
2024-08-13 00:43:31 install libaprutil1:amd64 <none> 1.6.3-1
2024-08-13 00:43:31 status half-installed libaprutil1:amd64 1.6.3-1
2024-08-13 00:43:31 status unpacked libaprutil1:amd64 1.6.3-1
2024-08-13 00:43:31 install libserf-1-1:amd64 <none> 1.3.9-11
2024-08-13 00:43:31 status half-installed libserf-1-1:amd64 1.3.9-11
2024-08-13 00:43:31 status unpacked libserf-1-1:amd64 1.3.9-11
2024-08-13 00:43:31 install libutf8proc2:amd64 <none> 2.8.0-1
2024-08-13 00:43:31 status half-installed libutf8proc2:amd64 2.8.0-1
2024-08-13 00:43:31 status unpacked libutf8proc2:amd64 2.8.0-1
2024-08-13 00:43:31 install libsvn1:amd64 <none> 1.14.2-4+b2
2024-08-13 00:43:31 status half-installed libsvn1:amd64 1.14.2-4+b2
2024-08-13 00:43:31 status unpacked libsvn1:amd64 1.14.2-4+b2
2024-08-13 00:43:31 install mercurial-common:all <none> 6.3.2-1
2024-08-13 00:43:31 status half-installed mercurial-common:all 6.3.2-1
2024-08-13 00:43:32 status unpacked mercurial-common:all 6.3.2-1
2024-08-13 00:43:32 install mercurial:amd64 <none> 6.3.2-1
2024-08-13 00:43:32 status half-installed mercurial:amd64 6.3.2-1
2024-08-13 00:43:32 status unpacked mercurial:amd64 6.3.2-1
2024-08-13 00:43:32 install subversion:amd64 <none> 1.14.2-4+b2
2024-08-13 00:43:32 status half-installed subversion:amd64 1.14.2-4+b2
2024-08-13 00:43:32 status unpacked subversion:amd64 1.14.2-4+b2
2024-08-13 00:43:32 startup packages configure
2024-08-13 00:43:32 configure media-types:all 10.0.0 <none>
2024-08-13 00:43:32 status unpacked media-types:all 10.0.0
2024-08-13 00:43:32 status half-configured media-types:all 10.0.0
2024-08-13 00:43:32 status installed media-types:all 10.0.0
2024-08-13 00:43:32 configure libtirpc-common:all 1.3.3+ds-1 <none>
2024-08-13 00:43:32 status unpacked libtirpc-common:all 1.3.3+ds-1
2024-08-13 00:43:32 status half-configured libtirpc-common:all 1.3.3+ds-1
2024-08-13 00:43:32 status installed libtirpc-common:all 1.3.3+ds-1
2024-08-13 00:43:32 configure libcbor0.8:amd64 0.8.0-2+b1 <none>
2024-08-13 00:43:32 status unpacked libcbor0.8:amd64 0.8.0-2+b1
2024-08-13 00:43:32 status half-configured libcbor0.8:amd64 0.8.0-2+b1
2024-08-13 00:43:32 status installed libcbor0.8:amd64 0.8.0-2+b1
2024-08-13 00:43:32 configure libutf8proc2:amd64 2.8.0-1 <none>
2024-08-13 00:43:32 status unpacked libutf8proc2:amd64 2.8.0-1
2024-08-13 00:43:32 status half-configured libutf8proc2:amd64 2.8.0-1
2024-08-13 00:43:32 status installed libutf8proc2:amd64 2.8.0-1
2024-08-13 00:43:32 configure libapr1:amd64 1.7.2-3 <none>
2024-08-13 00:43:32 status unpacked libapr1:amd64 1.7.2-3
2024-08-13 00:43:32 status half-configured libapr1:amd64 1.7.2-3
2024-08-13 00:43:32 status installed libapr1:amd64 1.7.2-3
2024-08-13 00:43:32 configure libcurl3-gnutls:amd64 7.88.1-10+deb12u6 <none>
2024-08-13 00:43:32 status unpacked libcurl3-gnutls:amd64 7.88.1-10+deb12u6
2024-08-13 00:43:32 status half-configured libcurl3-gnutls:amd64 7.88.1-10+deb12u6
2024-08-13 00:43:32 status installed libcurl3-gnutls:amd64 7.88.1-10+deb12u6
2024-08-13 00:43:32 configure perl-modules-5.36:all 5.36.0-7+deb12u1 <none>
2024-08-13 00:43:32 status unpacked perl-modules-5.36:all 5.36.0-7+deb12u1
2024-08-13 00:43:32 status half-configured perl-modules-5.36:all 5.36.0-7+deb12u1
2024-08-13 00:43:32 status installed perl-modules-5.36:all 5.36.0-7+deb12u1
2024-08-13 00:43:32 configure libproc2-0:amd64 2:4.0.2-3 <none>
2024-08-13 00:43:32 status unpacked libproc2-0:amd64 2:4.0.2-3
2024-08-13 00:43:32 status half-configured libproc2-0:amd64 2:4.0.2-3
2024-08-13 00:43:32 status installed libproc2-0:amd64 2:4.0.2-3
2024-08-13 00:43:32 configure sensible-utils:all 0.0.17+nmu1 <none>
2024-08-13 00:43:32 status unpacked sensible-utils:all 0.0.17+nmu1
2024-08-13 00:43:32 status half-configured sensible-utils:all 0.0.17+nmu1
2024-08-13 00:43:32 status installed sensible-utils:all 0.0.17+nmu1
2024-08-13 00:43:32 configure procps:amd64 2:4.0.2-3 <none>
2024-08-13 00:43:32 status unpacked procps:amd64 2:4.0.2-3
2024-08-13 00:43:32 status half-configured procps:amd64 2:4.0.2-3
2024-08-13 00:43:32 status installed procps:amd64 2:4.0.2-3
2024-08-13 00:43:32 configure git-man:all 1:2.39.2-1.1 <none>
2024-08-13 00:43:32 status unpacked git-man:all 1:2.39.2-1.1
2024-08-13 00:43:32 status half-configured git-man:all 1:2.39.2-1.1
2024-08-13 00:43:32 status installed git-man:all 1:2.39.2-1.1
2024-08-13 00:43:32 configure libfido2-1:amd64 1.12.0-2+b1 <none>
2024-08-13 00:43:32 status unpacked libfido2-1:amd64 1.12.0-2+b1
2024-08-13 00:43:32 status half-configured libfido2-1:amd64 1.12.0-2+b1
2024-08-13 00:43:32 status installed libfido2-1:amd64 1.12.0-2+b1
2024-08-13 00:43:32 configure libbsd0:amd64 0.11.7-2 <none>
2024-08-13 00:43:32 status unpacked libbsd0:amd64 0.11.7-2
2024-08-13 00:43:32 status half-configured libbsd0:amd64 0.11.7-2
2024-08-13 00:43:32 status installed libbsd0:amd64 0.11.7-2
2024-08-13 00:43:32 configure libgdbm6:amd64 1.23-3 <none>
2024-08-13 00:43:32 status unpacked libgdbm6:amd64 1.23-3
2024-08-13 00:43:32 status half-configured libgdbm6:amd64 1.23-3
2024-08-13 00:43:32 status installed libgdbm6:amd64 1.23-3
2024-08-13 00:43:32 configure libaprutil1:amd64 1.6.3-1 <none>
2024-08-13 00:43:32 status unpacked libaprutil1:amd64 1.6.3-1
2024-08-13 00:43:32 status half-configured libaprutil1:amd64 1.6.3-1
2024-08-13 00:43:32 status installed libaprutil1:amd64 1.6.3-1
2024-08-13 00:43:32 configure libtirpc3:amd64 1.3.3+ds-1 <none>
2024-08-13 00:43:32 status unpacked libtirpc3:amd64 1.3.3+ds-1
2024-08-13 00:43:32 status half-configured libtirpc3:amd64 1.3.3+ds-1
2024-08-13 00:43:32 status installed libtirpc3:amd64 1.3.3+ds-1
2024-08-13 00:43:32 configure libedit2:amd64 3.1-20221030-2 <none>
2024-08-13 00:43:32 status unpacked libedit2:amd64 3.1-20221030-2
2024-08-13 00:43:32 status half-configured libedit2:amd64 3.1-20221030-2
2024-08-13 00:43:32 status installed libedit2:amd64 3.1-20221030-2
2024-08-13 00:43:32 configure libserf-1-1:amd64 1.3.9-11 <none>
2024-08-13 00:43:32 status unpacked libserf-1-1:amd64 1.3.9-11
2024-08-13 00:43:32 status half-configured libserf-1-1:amd64 1.3.9-11
2024-08-13 00:43:32 status installed libserf-1-1:amd64 1.3.9-11
2024-08-13 00:43:32 configure libgdbm-compat4:amd64 1.23-3 <none>
2024-08-13 00:43:32 status unpacked libgdbm-compat4:amd64 1.23-3
2024-08-13 00:43:32 status half-configured libgdbm-compat4:amd64 1.23-3
2024-08-13 00:43:32 status installed libgdbm-compat4:amd64 1.23-3
2024-08-13 00:43:32 configure ucf:all 3.0043+nmu1 <none>
2024-08-13 00:43:32 status unpacked ucf:all 3.0043+nmu1
2024-08-13 00:43:32 status half-configured ucf:all 3.0043+nmu1
2024-08-13 00:43:32 status installed ucf:all 3.0043+nmu1
2024-08-13 00:43:32 configure libnsl2:amd64 1.3.0-2 <none>
2024-08-13 00:43:32 status unpacked libnsl2:amd64 1.3.0-2
2024-08-13 00:43:32 status half-configured libnsl2:amd64 1.3.0-2
2024-08-13 00:43:32 status installed libnsl2:amd64 1.3.0-2
2024-08-13 00:43:32 configure libsvn1:amd64 1.14.2-4+b2 <none>
2024-08-13 00:43:32 status unpacked libsvn1:amd64 1.14.2-4+b2
2024-08-13 00:43:32 status half-configured libsvn1:amd64 1.14.2-4+b2
2024-08-13 00:43:32 status installed libsvn1:amd64 1.14.2-4+b2
2024-08-13 00:43:32 configure libperl5.36:amd64 5.36.0-7+deb12u1 <none>
2024-08-13 00:43:32 status unpacked libperl5.36:amd64 5.36.0-7+deb12u1
2024-08-13 00:43:32 status half-configured libperl5.36:amd64 5.36.0-7+deb12u1
2024-08-13 00:43:32 status installed libperl5.36:amd64 5.36.0-7+deb12u1
2024-08-13 00:43:32 configure openssh-client:amd64 1:9.2p1-2+deb12u3 <none>
2024-08-13 00:43:32 status unpacked openssh-client:amd64 1:9.2p1-2+deb12u3
2024-08-13 00:43:32 status half-configured openssh-client:amd64 1:9.2p1-2+deb12u3
2024-08-13 00:43:32 status installed openssh-client:amd64 1:9.2p1-2+deb12u3
2024-08-13 00:43:32 configure libpython3.11-stdlib:amd64 3.11.2-6+deb12u2 <none>
2024-08-13 00:43:32 status unpacked libpython3.11-stdlib:amd64 3.11.2-6+deb12u2
2024-08-13 00:43:32 status half-configured libpython3.11-stdlib:amd64 3.11.2-6+deb12u2
2024-08-13 00:43:32 status installed libpython3.11-stdlib:amd64 3.11.2-6+deb12u2
2024-08-13 00:43:32 configure subversion:amd64 1.14.2-4+b2 <none>
2024-08-13 00:43:32 status unpacked subversion:amd64 1.14.2-4+b2
2024-08-13 00:43:32 status half-configured subversion:amd64 1.14.2-4+b2
2024-08-13 00:43:32 status installed subversion:amd64 1.14.2-4+b2
2024-08-13 00:43:32 configure perl:amd64 5.36.0-7+deb12u1 <none>
2024-08-13 00:43:32 status unpacked perl:amd64 5.36.0-7+deb12u1
2024-08-13 00:43:32 status half-configured perl:amd64 5.36.0-7+deb12u1
2024-08-13 00:43:32 status installed perl:amd64 5.36.0-7+deb12u1
2024-08-13 00:43:32 configure libpython3-stdlib:amd64 3.11.2-1+b1 <none>
2024-08-13 00:43:32 status unpacked libpython3-stdlib:amd64 3.11.2-1+b1
2024-08-13 00:43:32 status half-configured libpython3-stdlib:amd64 3.11.2-1+b1
2024-08-13 00:43:32 status installed libpython3-stdlib:amd64 3.11.2-1+b1
2024-08-13 00:43:32 configure python3.11:amd64 3.11.2-6+deb12u2 <none>
2024-08-13 00:43:32 status unpacked python3.11:amd64 3.11.2-6+deb12u2
2024-08-13 00:43:32 status half-configured python3.11:amd64 3.11.2-6+deb12u2
2024-08-13 00:43:33 status installed python3.11:amd64 3.11.2-6+deb12u2
2024-08-13 00:43:33 configure python3:amd64 3.11.2-1+b1 <none>
2024-08-13 00:43:33 status unpacked python3:amd64 3.11.2-1+b1
2024-08-13 00:43:33 status half-configured python3:amd64 3.11.2-1+b1
2024-08-13 00:43:33 status installed python3:amd64 3.11.2-1+b1
2024-08-13 00:43:33 configure liberror-perl:all 0.17029-2 <none>
2024-08-13 00:43:33 status unpacked liberror-perl:all 0.17029-2
2024-08-13 00:43:33 status half-configured liberror-perl:all 0.17029-2
2024-08-13 00:43:33 status installed liberror-perl:all 0.17029-2
2024-08-13 00:43:33 configure git:amd64 1:2.39.2-1.1 <none>
2024-08-13 00:43:33 status unpacked git:amd64 1:2.39.2-1.1
2024-08-13 00:43:33 status half-configured git:amd64 1:2.39.2-1.1
2024-08-13 00:43:33 status installed git:amd64 1:2.39.2-1.1
2024-08-13 00:43:33 configure mercurial-common:all 6.3.2-1 <none>
2024-08-13 00:43:33 status unpacked mercurial-common:all 6.3.2-1
2024-08-13 00:43:33 status half-configured mercurial-common:all 6.3.2-1
2024-08-13 00:43:34 status installed mercurial-common:all 6.3.2-1
2024-08-13 00:43:34 configure mercurial:amd64 6.3.2-1 <none>
2024-08-13 00:43:34 status unpacked mercurial:amd64 6.3.2-1
2024-08-13 00:43:34 status half-configured mercurial:amd64 6.3.2-1
2024-08-13 00:43:35 status installed mercurial:amd64 6.3.2-1
2024-08-13 00:43:35 trigproc libc-bin:amd64 2.36-9+deb12u7 <none>
2024-08-13 00:43:35 status half-configured libc-bin:amd64 2.36-9+deb12u7
2024-08-13 00:43:35 status installed libc-bin:amd64 2.36-9+deb12u7
2024-08-13 02:05:05 startup archives unpack
2024-08-13 02:05:05 install binutils-common:amd64 <none> 2.40-2
2024-08-13 02:05:05 status half-installed binutils-common:amd64 2.40-2
2024-08-13 02:05:05 status unpacked binutils-common:amd64 2.40-2
2024-08-13 02:05:05 install libbinutils:amd64 <none> 2.40-2
2024-08-13 02:05:05 status triggers-pending libc-bin:amd64 2.36-9+deb12u7
2024-08-13 02:05:05 status half-installed libbinutils:amd64 2.40-2
2024-08-13 02:05:05 status unpacked libbinutils:amd64 2.40-2
2024-08-13 02:05:05 install libctf-nobfd0:amd64 <none> 2.40-2
2024-08-13 02:05:05 status half-installed libctf-nobfd0:amd64 2.40-2
2024-08-13 02:05:05 status unpacked libctf-nobfd0:amd64 2.40-2
2024-08-13 02:05:05 install libctf0:amd64 <none> 2.40-2
2024-08-13 02:05:05 status half-installed libctf0:amd64 2.40-2
2024-08-13 02:05:05 status unpacked libctf0:amd64 2.40-2
2024-08-13 02:05:05 install libgprofng0:amd64 <none> 2.40-2
2024-08-13 02:05:05 status half-installed libgprofng0:amd64 2.40-2
2024-08-13 02:05:05 status unpacked libgprofng0:amd64 2.40-2
2024-08-13 02:05:05 install libjansson4:amd64 <none> 2.14-2
2024-08-13 02:05:05 status half-installed libjansson4:amd64 2.14-2
2024-08-13 02:05:05 status unpacked libjansson4:amd64 2.14-2
2024-08-13 02:05:05 install binutils-x86-64-linux-gnu:amd64 <none> 2.40-2
2024-08-13 02:05:05 status half-installed binutils-x86-64-linux-gnu:amd64 2.40-2
2024-08-13 02:05:06 status unpacked binutils-x86-64-linux-gnu:amd64 2.40-2
2024-08-13 02:05:06 install binutils:amd64 <none> 2.40-2
2024-08-13 02:05:06 status half-installed binutils:amd64 2.40-2
2024-08-13 02:05:06 status unpacked binutils:amd64 2.40-2
2024-08-13 02:05:06 install libisl23:amd64 <none> 0.25-1.1
2024-08-13 02:05:06 status half-installed libisl23:amd64 0.25-1.1
2024-08-13 02:05:06 status unpacked libisl23:amd64 0.25-1.1
2024-08-13 02:05:06 install libmpfr6:amd64 <none> 4.2.0-1
2024-08-13 02:05:06 status half-installed libmpfr6:amd64 4.2.0-1
2024-08-13 02:05:06 status unpacked libmpfr6:amd64 4.2.0-1
2024-08-13 02:05:06 install libmpc3:amd64 <none> 1.3.1-1
2024-08-13 02:05:06 status half-installed libmpc3:amd64 1.3.1-1
2024-08-13 02:05:06 status unpacked libmpc3:amd64 1.3.1-1
2024-08-13 02:05:06 install cpp-12:amd64 <none> 12.2.0-14
2024-08-13 02:05:06 status half-installed cpp-12:amd64 12.2.0-14
2024-08-13 02:05:06 status unpacked cpp-12:amd64 12.2.0-14
2024-08-13 02:05:06 install cpp:amd64 <none> 4:12.2.0-3
2024-08-13 02:05:06 status half-installed cpp:amd64 4:12.2.0-3
2024-08-13 02:05:06 status unpacked cpp:amd64 4:12.2.0-3
2024-08-13 02:05:06 install libcc1-0:amd64 <none> 12.2.0-14
2024-08-13 02:05:06 status half-installed libcc1-0:amd64 12.2.0-14
2024-08-13 02:05:06 status unpacked libcc1-0:amd64 12.2.0-14
2024-08-13 02:05:06 install libgomp1:amd64 <none> 12.2.0-14
2024-08-13 02:05:06 status half-installed libgomp1:amd64 12.2.0-14
2024-08-13 02:05:06 status unpacked libgomp1:amd64 12.2.0-14
2024-08-13 02:05:06 install libitm1:amd64 <none> 12.2.0-14
2024-08-13 02:05:06 status half-installed libitm1:amd64 12.2.0-14
2024-08-13 02:05:06 status unpacked libitm1:amd64 12.2.0-14
2024-08-13 02:05:06 install libatomic1:amd64 <none> 12.2.0-14
2024-08-13 02:05:06 status half-installed libatomic1:amd64 12.2.0-14
2024-08-13 02:05:07 status unpacked libatomic1:amd64 12.2.0-14
2024-08-13 02:05:07 install libasan8:amd64 <none> 12.2.0-14
2024-08-13 02:05:07 status half-installed libasan8:amd64 12.2.0-14
2024-08-13 02:05:07 status unpacked libasan8:amd64 12.2.0-14
2024-08-13 02:05:07 install liblsan0:amd64 <none> 12.2.0-14
2024-08-13 02:05:07 status half-installed liblsan0:amd64 12.2.0-14
2024-08-13 02:05:07 status unpacked liblsan0:amd64 12.2.0-14
2024-08-13 02:05:07 install libtsan2:amd64 <none> 12.2.0-14
2024-08-13 02:05:07 status half-installed libtsan2:amd64 12.2.0-14
2024-08-13 02:05:07 status unpacked libtsan2:amd64 12.2.0-14
2024-08-13 02:05:07 install libubsan1:amd64 <none> 12.2.0-14
2024-08-13 02:05:07 status half-installed libubsan1:amd64 12.2.0-14
2024-08-13 02:05:07 status unpacked libubsan1:amd64 12.2.0-14
2024-08-13 02:05:07 install libquadmath0:amd64 <none> 12.2.0-14
2024-08-13 02:05:07 status half-installed libquadmath0:amd64 12.2.0-14
2024-08-13 02:05:07 status unpacked libquadmath0:amd64 12.2.0-14
2024-08-13 02:05:07 install libgcc-12-dev:amd64 <none> 12.2.0-14
2024-08-13 02:05:07 status half-installed libgcc-12-dev:amd64 12.2.0-14
2024-08-13 02:05:07 status unpacked libgcc-12-dev:amd64 12.2.0-14
2024-08-13 02:05:07 install gcc-12:amd64 <none> 12.2.0-14
2024-08-13 02:05:07 status half-installed gcc-12:amd64 12.2.0-14
2024-08-13 02:05:08 status unpacked gcc-12:amd64 12.2.0-14
2024-08-13 02:05:08 install gcc:amd64 <none> 4:12.2.0-3
2024-08-13 02:05:08 status half-installed gcc:amd64 4:12.2.0-3
2024-08-13 02:05:08 status unpacked gcc:amd64 4:12.2.0-3
2024-08-13 02:05:08 install libc-dev-bin:amd64 <none> 2.36-9+deb12u7
2024-08-13 02:05:08 status half-installed libc-dev-bin:amd64 2.36-9+deb12u7
2024-08-13 02:05:08 status unpacked libc-dev-bin:amd64 2.36-9+deb12u7
2024-08-13 02:05:08 install linux-libc-dev:amd64 <none> 6.1.99-1
2024-08-13 02:05:08 status half-installed linux-libc-dev:amd64 6.1.99-1
2024-08-13 02:05:08 status unpacked linux-libc-dev:amd64 6.1.99-1
2024-08-13 02:05:08 install libcrypt-dev:amd64 <none> 1:4.4.33-2
2024-08-13 02:05:08 status half-installed libcrypt-dev:amd64 1:4.4.33-2
2024-08-13 02:05:08 status unpacked libcrypt-dev:amd64 1:4.4.33-2
2024-08-13 02:05:08 install libtirpc-dev:amd64 <none> 1.3.3+ds-1
2024-08-13 02:05:08 status half-installed libtirpc-dev:amd64 1.3.3+ds-1
2024-08-13 02:05:09 status unpacked libtirpc-dev:amd64 1.3.3+ds-1
2024-08-13 02:05:09 install libnsl-dev:amd64 <none> 1.3.0-2
2024-08-13 02:05:09 status half-installed libnsl-dev:amd64 1.3.0-2
2024-08-13 02:05:09 status unpacked libnsl-dev:amd64 1.3.0-2
2024-08-13 02:05:09 install rpcsvc-proto:amd64 <none> 1.4.3-1
2024-08-13 02:05:09 status half-installed rpcsvc-proto:amd64 1.4.3-1
2024-08-13 02:05:09 status unpacked rpcsvc-proto:amd64 1.4.3-1
2024-08-13 02:05:09 install libc6-dev:amd64 <none> 2.36-9+deb12u7
2024-08-13 02:05:09 status half-installed libc6-dev:amd64 2.36-9+deb12u7
2024-08-13 02:05:10 status unpacked libc6-dev:amd64 2.36-9+deb12u7
2024-08-13 02:05:10 install libstdc++-12-dev:amd64 <none> 12.2.0-14
2024-08-13 02:05:10 status half-installed libstdc++-12-dev:amd64 12.2.0-14
2024-08-13 02:05:10 status unpacked libstdc++-12-dev:amd64 12.2.0-14
2024-08-13 02:05:10 install g++-12:amd64 <none> 12.2.0-14
2024-08-13 02:05:10 status half-installed g++-12:amd64 12.2.0-14
2024-08-13 02:05:11 status unpacked g++-12:amd64 12.2.0-14
2024-08-13 02:05:11 install g++:amd64 <none> 4:12.2.0-3
2024-08-13 02:05:11 status half-installed g++:amd64 4:12.2.0-3
2024-08-13 02:05:11 status unpacked g++:amd64 4:12.2.0-3
2024-08-13 02:05:11 install libpkgconf3:amd64 <none> 1.8.1-1
2024-08-13 02:05:11 status half-installed libpkgconf3:amd64 1.8.1-1
2024-08-13 02:05:11 status unpacked libpkgconf3:amd64 1.8.1-1
2024-08-13 02:05:11 install make:amd64 <none> 4.3-4.1
2024-08-13 02:05:11 status half-installed make:amd64 4.3-4.1
2024-08-13 02:05:11 status unpacked make:amd64 4.3-4.1
2024-08-13 02:05:11 install pkgconf-bin:amd64 <none> 1.8.1-1
2024-08-13 02:05:11 status half-installed pkgconf-bin:amd64 1.8.1-1
2024-08-13 02:05:11 status unpacked pkgconf-bin:amd64 1.8.1-1
2024-08-13 02:05:11 install pkgconf:amd64 <none> 1.8.1-1
2024-08-13 02:05:11 status half-installed pkgconf:amd64 1.8.1-1
2024-08-13 02:05:11 status unpacked pkgconf:amd64 1.8.1-1
2024-08-13 02:05:11 install pkg-config:amd64 <none> 1.8.1-1
2024-08-13 02:05:11 status half-installed pkg-config:amd64 1.8.1-1
2024-08-13 02:05:11 status unpacked pkg-config:amd64 1.8.1-1
2024-08-13 02:05:11 startup packages configure
2024-08-13 02:05:11 configure binutils-common:amd64 2.40-2 <none>
2024-08-13 02:05:11 status unpacked binutils-common:amd64 2.40-2
2024-08-13 02:05:11 status half-configured binutils-common:amd64 2.40-2
2024-08-13 02:05:11 status installed binutils-common:amd64 2.40-2
2024-08-13 02:05:11 configure linux-libc-dev:amd64 6.1.99-1 <none>
2024-08-13 02:05:11 status unpacked linux-libc-dev:amd64 6.1.99-1
2024-08-13 02:05:11 status half-configured linux-libc-dev:amd64 6.1.99-1
2024-08-13 02:05:11 status installed linux-libc-dev:amd64 6.1.99-1
2024-08-13 02:05:11 configure libctf-nobfd0:amd64 2.40-2 <none>
2024-08-13 02:05:11 status unpacked libctf-nobfd0:amd64 2.40-2
2024-08-13 02:05:11 status half-configured libctf-nobfd0:amd64 2.40-2
2024-08-13 02:05:11 status installed libctf-nobfd0:amd64 2.40-2
2024-08-13 02:05:11 configure libgomp1:amd64 12.2.0-14 <none>
2024-08-13 02:05:11 status unpacked libgomp1:amd64 12.2.0-14
2024-08-13 02:05:11 status half-configured libgomp1:amd64 12.2.0-14
2024-08-13 02:05:11 status installed libgomp1:amd64 12.2.0-14
2024-08-13 02:05:11 configure libjansson4:amd64 2.14-2 <none>
2024-08-13 02:05:11 status unpacked libjansson4:amd64 2.14-2
2024-08-13 02:05:11 status half-configured libjansson4:amd64 2.14-2
2024-08-13 02:05:11 status installed libjansson4:amd64 2.14-2
2024-08-13 02:05:11 configure libtirpc-dev:amd64 1.3.3+ds-1 <none>
2024-08-13 02:05:11 status unpacked libtirpc-dev:amd64 1.3.3+ds-1
2024-08-13 02:05:11 status half-configured libtirpc-dev:amd64 1.3.3+ds-1
2024-08-13 02:05:11 status installed libtirpc-dev:amd64 1.3.3+ds-1
2024-08-13 02:05:11 configure libpkgconf3:amd64 1.8.1-1 <none>
2024-08-13 02:05:11 status unpacked libpkgconf3:amd64 1.8.1-1
2024-08-13 02:05:11 status half-configured libpkgconf3:amd64 1.8.1-1
2024-08-13 02:05:11 status installed libpkgconf3:amd64 1.8.1-1
2024-08-13 02:05:11 configure rpcsvc-proto:amd64 1.4.3-1 <none>
2024-08-13 02:05:11 status unpacked rpcsvc-proto:amd64 1.4.3-1
2024-08-13 02:05:11 status half-configured rpcsvc-proto:amd64 1.4.3-1
2024-08-13 02:05:11 status installed rpcsvc-proto:amd64 1.4.3-1
2024-08-13 02:05:11 configure make:amd64 4.3-4.1 <none>
2024-08-13 02:05:11 status unpacked make:amd64 4.3-4.1
2024-08-13 02:05:11 status half-configured make:amd64 4.3-4.1
2024-08-13 02:05:11 status installed make:amd64 4.3-4.1
2024-08-13 02:05:11 configure libmpfr6:amd64 4.2.0-1 <none>
2024-08-13 02:05:11 status unpacked libmpfr6:amd64 4.2.0-1
2024-08-13 02:05:11 status half-configured libmpfr6:amd64 4.2.0-1
2024-08-13 02:05:11 status installed libmpfr6:amd64 4.2.0-1
2024-08-13 02:05:11 configure libquadmath0:amd64 12.2.0-14 <none>
2024-08-13 02:05:11 status unpacked libquadmath0:amd64 12.2.0-14
2024-08-13 02:05:11 status half-configured libquadmath0:amd64 12.2.0-14
2024-08-13 02:05:11 status installed libquadmath0:amd64 12.2.0-14
2024-08-13 02:05:11 configure libmpc3:amd64 1.3.1-1 <none>
2024-08-13 02:05:11 status unpacked libmpc3:amd64 1.3.1-1
2024-08-13 02:05:11 status half-configured libmpc3:amd64 1.3.1-1
2024-08-13 02:05:11 status installed libmpc3:amd64 1.3.1-1
2024-08-13 02:05:11 configure libatomic1:amd64 12.2.0-14 <none>
2024-08-13 02:05:11 status unpacked libatomic1:amd64 12.2.0-14
2024-08-13 02:05:11 status half-configured libatomic1:amd64 12.2.0-14
2024-08-13 02:05:11 status installed libatomic1:amd64 12.2.0-14
2024-08-13 02:05:11 configure pkgconf-bin:amd64 1.8.1-1 <none>
2024-08-13 02:05:11 status unpacked pkgconf-bin:amd64 1.8.1-1
2024-08-13 02:05:11 status half-configured pkgconf-bin:amd64 1.8.1-1
2024-08-13 02:05:11 status installed pkgconf-bin:amd64 1.8.1-1
2024-08-13 02:05:11 configure libubsan1:amd64 12.2.0-14 <none>
2024-08-13 02:05:11 status unpacked libubsan1:amd64 12.2.0-14
2024-08-13 02:05:11 status half-configured libubsan1:amd64 12.2.0-14
2024-08-13 02:05:11 status installed libubsan1:amd64 12.2.0-14
2024-08-13 02:05:11 configure libnsl-dev:amd64 1.3.0-2 <none>
2024-08-13 02:05:11 status unpacked libnsl-dev:amd64 1.3.0-2
2024-08-13 02:05:11 status half-configured libnsl-dev:amd64 1.3.0-2
2024-08-13 02:05:11 status installed libnsl-dev:amd64 1.3.0-2
2024-08-13 02:05:11 configure libcrypt-dev:amd64 1:4.4.33-2 <none>
2024-08-13 02:05:11 status unpacked libcrypt-dev:amd64 1:4.4.33-2
2024-08-13 02:05:11 status half-configured libcrypt-dev:amd64 1:4.4.33-2
2024-08-13 02:05:11 status installed libcrypt-dev:amd64 1:4.4.33-2
2024-08-13 02:05:11 configure libasan8:amd64 12.2.0-14 <none>
2024-08-13 02:05:11 status unpacked libasan8:amd64 12.2.0-14
2024-08-13 02:05:11 status half-configured libasan8:amd64 12.2.0-14
2024-08-13 02:05:11 status installed libasan8:amd64 12.2.0-14
2024-08-13 02:05:11 configure libtsan2:amd64 12.2.0-14 <none>
2024-08-13 02:05:11 status unpacked libtsan2:amd64 12.2.0-14
2024-08-13 02:05:11 status half-configured libtsan2:amd64 12.2.0-14
2024-08-13 02:05:11 status installed libtsan2:amd64 12.2.0-14
2024-08-13 02:05:11 configure libbinutils:amd64 2.40-2 <none>
2024-08-13 02:05:11 status unpacked libbinutils:amd64 2.40-2
2024-08-13 02:05:11 status half-configured libbinutils:amd64 2.40-2
2024-08-13 02:05:11 status installed libbinutils:amd64 2.40-2
2024-08-13 02:05:11 configure libisl23:amd64 0.25-1.1 <none>
2024-08-13 02:05:11 status unpacked libisl23:amd64 0.25-1.1
2024-08-13 02:05:11 status half-configured libisl23:amd64 0.25-1.1
2024-08-13 02:05:11 status installed libisl23:amd64 0.25-1.1
2024-08-13 02:05:11 configure libc-dev-bin:amd64 2.36-9+deb12u7 <none>
2024-08-13 02:05:11 status unpacked libc-dev-bin:amd64 2.36-9+deb12u7
2024-08-13 02:05:11 status half-configured libc-dev-bin:amd64 2.36-9+deb12u7
2024-08-13 02:05:11 status installed libc-dev-bin:amd64 2.36-9+deb12u7
2024-08-13 02:05:11 configure libcc1-0:amd64 12.2.0-14 <none>
2024-08-13 02:05:11 status unpacked libcc1-0:amd64 12.2.0-14
2024-08-13 02:05:11 status half-configured libcc1-0:amd64 12.2.0-14
2024-08-13 02:05:11 status installed libcc1-0:amd64 12.2.0-14
2024-08-13 02:05:11 configure liblsan0:amd64 12.2.0-14 <none>
2024-08-13 02:05:11 status unpacked liblsan0:amd64 12.2.0-14
2024-08-13 02:05:11 status half-configured liblsan0:amd64 12.2.0-14
2024-08-13 02:05:11 status installed liblsan0:amd64 12.2.0-14
2024-08-13 02:05:11 configure libitm1:amd64 12.2.0-14 <none>
2024-08-13 02:05:11 status unpacked libitm1:amd64 12.2.0-14
2024-08-13 02:05:11 status half-configured libitm1:amd64 12.2.0-14
2024-08-13 02:05:11 status installed libitm1:amd64 12.2.0-14
2024-08-13 02:05:11 configure libctf0:amd64 2.40-2 <none>
2024-08-13 02:05:11 status unpacked libctf0:amd64 2.40-2
2024-08-13 02:05:11 status half-configured libctf0:amd64 2.40-2
2024-08-13 02:05:11 status installed libctf0:amd64 2.40-2
2024-08-13 02:05:11 configure cpp-12:amd64 12.2.0-14 <none>
2024-08-13 02:05:11 status unpacked cpp-12:amd64 12.2.0-14
2024-08-13 02:05:11 status half-configured cpp-12:amd64 12.2.0-14
2024-08-13 02:05:11 status installed cpp-12:amd64 12.2.0-14
2024-08-13 02:05:11 configure pkgconf:amd64 1.8.1-1 <none>
2024-08-13 02:05:11 status unpacked pkgconf:amd64 1.8.1-1
2024-08-13 02:05:11 status half-configured pkgconf:amd64 1.8.1-1
2024-08-13 02:05:11 status installed pkgconf:amd64 1.8.1-1
2024-08-13 02:05:11 configure libgprofng0:amd64 2.40-2 <none>
2024-08-13 02:05:11 status unpacked libgprofng0:amd64 2.40-2
2024-08-13 02:05:11 status half-configured libgprofng0:amd64 2.40-2
2024-08-13 02:05:11 status installed libgprofng0:amd64 2.40-2
2024-08-13 02:05:11 configure libgcc-12-dev:amd64 12.2.0-14 <none>
2024-08-13 02:05:11 status unpacked libgcc-12-dev:amd64 12.2.0-14
2024-08-13 02:05:11 status half-configured libgcc-12-dev:amd64 12.2.0-14
2024-08-13 02:05:11 status installed libgcc-12-dev:amd64 12.2.0-14
2024-08-13 02:05:11 configure pkg-config:amd64 1.8.1-1 <none>
2024-08-13 02:05:11 status unpacked pkg-config:amd64 1.8.1-1
2024-08-13 02:05:11 status half-configured pkg-config:amd64 1.8.1-1
2024-08-13 02:05:11 status installed pkg-config:amd64 1.8.1-1
2024-08-13 02:05:11 configure cpp:amd64 4:12.2.0-3 <none>
2024-08-13 02:05:11 status unpacked cpp:amd64 4:12.2.0-3
2024-08-13 02:05:11 status half-configured cpp:amd64 4:12.2.0-3
2024-08-13 02:05:11 status installed cpp:amd64 4:12.2.0-3
2024-08-13 02:05:11 configure libc6-dev:amd64 2.36-9+deb12u7 <none>
2024-08-13 02:05:11 status unpacked libc6-dev:amd64 2.36-9+deb12u7
2024-08-13 02:05:11 status half-configured libc6-dev:amd64 2.36-9+deb12u7
2024-08-13 02:05:11 status installed libc6-dev:amd64 2.36-9+deb12u7
2024-08-13 02:05:11 configure binutils-x86-64-linux-gnu:amd64 2.40-2 <none>
2024-08-13 02:05:11 status unpacked binutils-x86-64-linux-gnu:amd64 2.40-2
2024-08-13 02:05:11 status half-configured binutils-x86-64-linux-gnu:amd64 2.40-2
2024-08-13 02:05:11 status installed binutils-x86-64-linux-gnu:amd64 2.40-2
2024-08-13 02:05:11 configure libstdc++-12-dev:amd64 12.2.0-14 <none>
2024-08-13 02:05:11 status unpacked libstdc++-12-dev:amd64 12.2.0-14
2024-08-13 02:05:11 status half-configured libstdc++-12-dev:amd64 12.2.0-14
2024-08-13 02:05:11 status installed libstdc++-12-dev:amd64 12.2.0-14
2024-08-13 02:05:11 configure binutils:amd64 2.40-2 <none>
2024-08-13 02:05:11 status unpacked binutils:amd64 2.40-2
2024-08-13 02:05:11 status half-configured binutils:amd64 2.40-2
2024-08-13 02:05:11 status installed binutils:amd64 2.40-2
2024-08-13 02:05:11 configure gcc-12:amd64 12.2.0-14 <none>
2024-08-13 02:05:11 status unpacked gcc-12:amd64 12.2.0-14
2024-08-13 02:05:11 status half-configured gcc-12:amd64 12.2.0-14
2024-08-13 02:05:11 status installed gcc-12:amd64 12.2.0-14
2024-08-13 02:05:11 configure g++-12:amd64 12.2.0-14 <none>
2024-08-13 02:05:11 status unpacked g++-12:amd64 12.2.0-14
2024-08-13 02:05:11 status half-configured g++-12:amd64 12.2.0-14
2024-08-13 02:05:11 status installed g++-12:amd64 12.2.0-14
2024-08-13 02:05:11 configure gcc:amd64 4:12.2.0-3 <none>
2024-08-13 02:05:11 status unpacked gcc:amd64 4:12.2.0-3
2024-08-13 02:05:11 status half-configured gcc:amd64 4:12.2.0-3
2024-08-13 02:05:11 status installed gcc:amd64 4:12.2.0-3
2024-08-13 02:05:11 configure g++:amd64 4:12.2.0-3 <none>
2024-08-13 02:05:11 status unpacked g++:amd64 4:12.2.0-3
2024-08-13 02:05:11 status half-configured g++:amd64 4:12.2.0-3
2024-08-13 02:05:11 status installed g++:amd64 4:12.2.0-3
2024-08-13 02:05:11 trigproc libc-bin:amd64 2.36-9+deb12u7 <none>
2024-08-13 02:05:11 status half-configured libc-bin:amd64 2.36-9+deb12u7
2024-08-13 02:05:11 status installed libc-bin:amd64 2.36-9+deb12u7
