2024-08-13 00:43:12 startup archives unpack
2024-08-13 00:43:12 install netbase:all <none> 6.4
2024-08-13 00:43:12 status half-installed netbase:all 6.4
2024-08-13 00:43:12 status unpacked netbase:all 6.4
2024-08-13 00:43:12 install readline-common:all <none> 8.2-1.3
2024-08-13 00:43:12 status half-installed readline-common:all 8.2-1.3
2024-08-13 00:43:12 status unpacked readline-common:all 8.2-1.3
2024-08-13 00:43:12 install libssl3:amd64 <none> 3.0.13-1~deb12u1
2024-08-13 00:43:12 status triggers-pending libc-bin:amd64 2.36-9+deb12u7
2024-08-13 00:43:12 status half-installed libssl3:amd64 3.0.13-1~deb12u1
2024-08-13 00:43:12 status unpacked libssl3:amd64 3.0.13-1~deb12u1
2024-08-13 00:43:12 install openssl:amd64 <none> 3.0.13-1~deb12u1
2024-08-13 00:43:12 status half-installed openssl:amd64 3.0.13-1~deb12u1
2024-08-13 00:43:12 status unpacked openssl:amd64 3.0.13-1~deb12u1
2024-08-13 00:43:12 install ca-certificates:all <none> 20230311
2024-08-13 00:43:12 status half-installed ca-certificates:all 20230311
2024-08-13 00:43:12 status unpacked ca-certificates:all 20230311
2024-08-13 00:43:12 install libpsl5:amd64 <none> 0.21.2-1
2024-08-13 00:43:12 status half-installed libpsl5:amd64 0.21.2-1
2024-08-13 00:43:12 status unpacked libpsl5:amd64 0.21.2-1
2024-08-13 00:43:12 install wget:amd64 <none> 1.21.3-1+b2
2024-08-13 00:43:12 status half-installed wget:amd64 1.21.3-1+b2
2024-08-13 00:43:12 status unpacked wget:amd64 1.21.3-1+b2
2024-08-13 00:43:12 install libbrotli1:amd64 <none> 1.0.9-2+b6
2024-08-13 00:43:12 status half-installed libbrotli1:amd64 1.0.9-2+b6
2024-08-13 00:43:13 status unpacked libbrotli1:amd64 1.0.9-2+b6
2024-08-13 00:43:13 install libkrb5support0:amd64 <none> 1.20.1-2+deb12u2
2024-08-13 00:43:13 status half-installed libkrb5support0:amd64 1.20.1-2+deb12u2
2024-08-13 00:43:13 status unpacked libkrb5support0:amd64 1.20.1-2+deb12u2
2024-08-13 00:43:13 install libk5crypto3:amd64 <none> 1.20.1-2+deb12u2
2024-08-13 00:43:13 status half-installed libk5crypto3:amd64 1.20.1-2+deb12u2
2024-08-13 00:43:13 status unpacked libk5crypto3:amd64 1.20.1-2+deb12u2
2024-08-13 00:43:13 install libkeyutils1:amd64 <none> 1.6.3-2
2024-08-13 00:43:13 status half-installed libkeyutils1:amd64 1.6.3-2
2024-08-13 00:43:13 status unpacked libkeyutils1:amd64 1.6.3-2
2024-08-13 00:43:13 install libkrb5-3:amd64 <none> 1.20.1-2+deb12u2
2024-08-13 00:43:13 status half-installed libkrb5-3:amd64 1.20.1-2+deb12u2
2024-08-13 00:43:13 status unpacked libkrb5-3:amd64 1.20.1-2+deb12u2
2024-08-13 00:43:13 install libgssapi-krb5-2:amd64 <none> 1.20.1-2+deb12u2
2024-08-13 00:43:13 status half-installed libgssapi-krb5-2:amd64 1.20.1-2+deb12u2
2024-08-13 00:43:13 status unpacked libgssapi-krb5-2:amd64 1.20.1-2+deb12u2
2024-08-13 00:43:13 install libsasl2-modules-db:amd64 <none> 2.1.28+dfsg-10
2024-08-13 00:43:13 status half-installed libsasl2-modules-db:amd64 2.1.28+dfsg-10
2024-08-13 00:43:13 status unpacked libsasl2-modules-db:amd64 2.1.28+dfsg-10
2024-08-13 00:43:13 install libsasl2-2:amd64 <none> 2.1.28+dfsg-10
2024-08-13 00:43:13 status half-installed libsasl2-2:amd64 2.1.28+dfsg-10
2024-08-13 00:43:13 status unpacked libsasl2-2:amd64 2.1.28+dfsg-10
2024-08-13 00:43:13 install libldap-2.5-0:amd64 <none> 2.5.13+dfsg-5
2024-08-13 00:43:13 status half-installed libldap-2.5-0:amd64 2.5.13+dfsg-5
2024-08-13 00:43:13 status unpacked libldap-2.5-0:amd64 2.5.13+dfsg-5
2024-08-13 00:43:13 install libnghttp2-14:amd64 <none> 1.52.0-1+deb12u1
2024-08-13 00:43:13 status half-installed libnghttp2-14:amd64 1.52.0-1+deb12u1
2024-08-13 00:43:13 status unpacked libnghttp2-14:amd64 1.52.0-1+deb12u1
2024-08-13 00:43:13 install librtmp1:amd64 <none> 2.4+20151223.gitfa8646d.1-2+b2
2024-08-13 00:43:13 status half-installed librtmp1:amd64 2.4+20151223.gitfa8646d.1-2+b2
2024-08-13 00:43:13 status unpacked librtmp1:amd64 2.4+20151223.gitfa8646d.1-2+b2
2024-08-13 00:43:13 install libssh2-1:amd64 <none> 1.10.0-3+b1
2024-08-13 00:43:13 status half-installed libssh2-1:amd64 1.10.0-3+b1
2024-08-13 00:43:13 status unpacked libssh2-1:amd64 1.10.0-3+b1
2024-08-13 00:43:13 install libcurl4:amd64 <none> 7.88.1-10+deb12u6
2024-08-13 00:43:13 status half-installed libcurl4:amd64 7.88.1-10+deb12u6
2024-08-13 00:43:13 status unpacked libcurl4:amd64 7.88.1-10+deb12u6
2024-08-13 00:43:13 install curl:amd64 <none> 7.88.1-10+deb12u6
2024-08-13 00:43:13 status half-installed curl:amd64 7.88.1-10+deb12u6
2024-08-13 00:43:13 status unpacked curl:amd64 7.88.1-10+deb12u6
2024-08-13 00:43:13 install libassuan0:amd64 <none> 2.5.5-5
2024-08-13 00:43:13 status half-installed libassuan0:amd64 2.5.5-5
2024-08-13 00:43:13 status unpacked libassuan0:amd64 2.5.5-5
2024-08-13 00:43:13 install libreadline8:amd64 <none> 8.2-1.3
2024-08-13 00:43:13 status half-installed libreadline8:amd64 8.2-1.3
2024-08-13 00:43:13 status unpacked libreadline8:amd64 8.2-1.3
2024-08-13 00:43:13 install gpgconf:amd64 <none> 2.2.40-1.1
2024-08-13 00:43:13 status half-installed gpgconf:amd64 2.2.40-1.1
2024-08-13 00:43:13 status unpacked gpgconf:amd64 2.2.40-1.1
2024-08-13 00:43:13 install libksba8:amd64 <none> 1.6.3-2
2024-08-13 00:43:13 status half-installed libksba8:amd64 1.6.3-2
2024-08-13 00:43:13 status unpacked libksba8:amd64 1.6.3-2
2024-08-13 00:43:13 install libnpth0:amd64 <none> 1.6-3
2024-08-13 00:43:13 status half-installed libnpth0:amd64 1.6-3
2024-08-13 00:43:13 status unpacked libnpth0:amd64 1.6-3
2024-08-13 00:43:13 install dirmngr:amd64 <none> 2.2.40-1.1
2024-08-13 00:43:13 status half-installed dirmngr:amd64 2.2.40-1.1
2024-08-13 00:43:14 status unpacked dirmngr:amd64 2.2.40-1.1
2024-08-13 00:43:14 install gnupg-l10n:all <none> 2.2.40-1.1
2024-08-13 00:43:14 status half-installed gnupg-l10n:all 2.2.40-1.1
2024-08-13 00:43:14 status unpacked gnupg-l10n:all 2.2.40-1.1
2024-08-13 00:43:14 install gnupg-utils:amd64 <none> 2.2.40-1.1
2024-08-13 00:43:14 status half-installed gnupg-utils:amd64 2.2.40-1.1
2024-08-13 00:43:14 status unpacked gnupg-utils:amd64 2.2.40-1.1
2024-08-13 00:43:14 install libsqlite3-0:amd64 <none> 3.40.1-2
2024-08-13 00:43:14 status half-installed libsqlite3-0:amd64 3.40.1-2
2024-08-13 00:43:14 status unpacked libsqlite3-0:amd64 3.40.1-2
2024-08-13 00:43:14 install gpg:amd64 <none> 2.2.40-1.1
2024-08-13 00:43:14 status half-installed gpg:amd64 2.2.40-1.1
2024-08-13 00:43:14 status unpacked gpg:amd64 2.2.40-1.1
2024-08-13 00:43:14 install libncursesw6:amd64 <none> 6.4-4
2024-08-13 00:43:14 status half-installed libncursesw6:amd64 6.4-4
2024-08-13 00:43:14 status unpacked libncursesw6:amd64 6.4-4
2024-08-13 00:43:14 install pinentry-curses:amd64 <none> 1.2.1-1
2024-08-13 00:43:14 status half-installed pinentry-curses:amd64 1.2.1-1
2024-08-13 00:43:14 status unpacked pinentry-curses:amd64 1.2.1-1
2024-08-13 00:43:14 install gpg-agent:amd64 <none> 2.2.40-1.1
2024-08-13 00:43:14 status half-installed gpg-agent:amd64 2.2.40-1.1
2024-08-13 00:43:14 status unpacked gpg-agent:amd64 2.2.40-1.1
2024-08-13 00:43:14 install gpg-wks-client:amd64 <none> 2.2.40-1.1
2024-08-13 00:43:14 status half-installed gpg-wks-client:amd64 2.2.40-1.1
2024-08-13 00:43:14 status unpacked gpg-wks-client:amd64 2.2.40-1.1
2024-08-13 00:43:14 install gpg-wks-server:amd64 <none> 2.2.40-1.1
2024-08-13 00:43:14 status half-installed gpg-wks-server:amd64 2.2.40-1.1
2024-08-13 00:43:14 status unpacked gpg-wks-server:amd64 2.2.40-1.1
2024-08-13 00:43:14 install gpgsm:amd64 <none> 2.2.40-1.1
2024-08-13 00:43:14 status half-installed gpgsm:amd64 2.2.40-1.1
2024-08-13 00:43:14 status unpacked gpgsm:amd64 2.2.40-1.1
2024-08-13 00:43:14 install gnupg:all <none> 2.2.40-1.1
2024-08-13 00:43:14 status half-installed gnupg:all 2.2.40-1.1
2024-08-13 00:43:14 status unpacked gnupg:all 2.2.40-1.1
2024-08-13 00:43:14 install sq:amd64 <none> 0.27.0-2+b1
2024-08-13 00:43:14 status half-installed sq:amd64 0.27.0-2+b1
2024-08-13 00:43:14 status unpacked sq:amd64 0.27.0-2+b1
2024-08-13 00:43:15 startup packages configure
2024-08-13 00:43:15 configure libksba8:amd64 1.6.3-2 <none>
2024-08-13 00:43:15 status unpacked libksba8:amd64 1.6.3-2
2024-08-13 00:43:15 status half-configured libksba8:amd64 1.6.3-2
2024-08-13 00:43:15 status installed libksba8:amd64 1.6.3-2
2024-08-13 00:43:15 configure libkeyutils1:amd64 1.6.3-2 <none>
2024-08-13 00:43:15 status unpacked libkeyutils1:amd64 1.6.3-2
2024-08-13 00:43:15 status half-configured libkeyutils1:amd64 1.6.3-2
2024-08-13 00:43:15 status installed libkeyutils1:amd64 1.6.3-2
2024-08-13 00:43:15 configure libpsl5:amd64 0.21.2-1 <none>
2024-08-13 00:43:15 status unpacked libpsl5:amd64 0.21.2-1
2024-08-13 00:43:15 status half-configured libpsl5:amd64 0.21.2-1
2024-08-13 00:43:15 status installed libpsl5:amd64 0.21.2-1
2024-08-13 00:43:15 configure wget:amd64 1.21.3-1+b2 <none>
2024-08-13 00:43:15 status unpacked wget:amd64 1.21.3-1+b2
2024-08-13 00:43:15 status half-configured wget:amd64 1.21.3-1+b2
2024-08-13 00:43:15 status installed wget:amd64 1.21.3-1+b2
2024-08-13 00:43:15 configure libbrotli1:amd64 1.0.9-2+b6 <none>
2024-08-13 00:43:15 status unpacked libbrotli1:amd64 1.0.9-2+b6
2024-08-13 00:43:15 status half-configured libbrotli1:amd64 1.0.9-2+b6
2024-08-13 00:43:15 status installed libbrotli1:amd64 1.0.9-2+b6
2024-08-13 00:43:15 configure libsqlite3-0:amd64 3.40.1-2 <none>
2024-08-13 00:43:15 status unpacked libsqlite3-0:amd64 3.40.1-2
2024-08-13 00:43:15 status half-configured libsqlite3-0:amd64 3.40.1-2
2024-08-13 00:43:15 status installed libsqlite3-0:amd64 3.40.1-2
2024-08-13 00:43:15 configure libssl3:amd64 3.0.13-1~deb12u1 <none>
2024-08-13 00:43:15 status unpacked libssl3:amd64 3.0.13-1~deb12u1
2024-08-13 00:43:15 status half-configured libssl3:amd64 3.0.13-1~deb12u1
2024-08-13 00:43:15 status installed libssl3:amd64 3.0.13-1~deb12u1
2024-08-13 00:43:15 configure libnghttp2-14:amd64 1.52.0-1+deb12u1 <none>
2024-08-13 00:43:15 status unpacked libnghttp2-14:amd64 1.52.0-1+deb12u1
2024-08-13 00:43:15 status half-configured libnghttp2-14:amd64 1.52.0-1+deb12u1
2024-08-13 00:43:15 status installed libnghttp2-14:amd64 1.52.0-1+deb12u1
2024-08-13 00:43:15 configure libnpth0:amd64 1.6-3 <none>
2024-08-13 00:43:15 status unpacked libnpth0:amd64 1.6-3
2024-08-13 00:43:15 status half-configured libnpth0:amd64 1.6-3
2024-08-13 00:43:15 status installed libnpth0:amd64 1.6-3
2024-08-13 00:43:15 configure sq:amd64 0.27.0-2+b1 <none>
2024-08-13 00:43:15 status unpacked sq:amd64 0.27.0-2+b1
2024-08-13 00:43:15 status half-configured sq:amd64 0.27.0-2+b1
2024-08-13 00:43:15 status installed sq:amd64 0.27.0-2+b1
2024-08-13 00:43:15 configure libassuan0:amd64 2.5.5-5 <none>
2024-08-13 00:43:15 status unpacked libassuan0:amd64 2.5.5-5
2024-08-13 00:43:15 status half-configured libassuan0:amd64 2.5.5-5
2024-08-13 00:43:15 status installed libassuan0:amd64 2.5.5-5
2024-08-13 00:43:15 configure libkrb5support0:amd64 1.20.1-2+deb12u2 <none>
2024-08-13 00:43:15 status unpacked libkrb5support0:amd64 1.20.1-2+deb12u2
2024-08-13 00:43:15 status half-configured libkrb5support0:amd64 1.20.1-2+deb12u2
2024-08-13 00:43:15 status installed libkrb5support0:amd64 1.20.1-2+deb12u2
2024-08-13 00:43:15 configure libsasl2-modules-db:amd64 2.1.28+dfsg-10 <none>
2024-08-13 00:43:15 status unpacked libsasl2-modules-db:amd64 2.1.28+dfsg-10
2024-08-13 00:43:15 status half-configured libsasl2-modules-db:amd64 2.1.28+dfsg-10
2024-08-13 00:43:15 status installed libsasl2-modules-db:amd64 2.1.28+dfsg-10
2024-08-13 00:43:15 configure gnupg-l10n:all 2.2.40-1.1 <none>
2024-08-13 00:43:15 status unpacked gnupg-l10n:all 2.2.40-1.1
2024-08-13 00:43:15 status half-configured gnupg-l10n:all 2.2.40-1.1
2024-08-13 00:43:15 status installed gnupg-l10n:all 2.2.40-1.1
2024-08-13 00:43:15 configure librtmp1:amd64 2.4+20151223.gitfa8646d.1-2+b2 <none>
2024-08-13 00:43:15 status unpacked librtmp1:amd64 2.4+20151223.gitfa8646d.1-2+b2
2024-08-13 00:43:15 status half-configured librtmp1:amd64 2.4+20151223.gitfa8646d.1-2+b2
2024-08-13 00:43:15 status installed librtmp1:amd64 2.4+20151223.gitfa8646d.1-2+b2
2024-08-13 00:43:15 configure libncursesw6:amd64 6.4-4 <none>
2024-08-13 00:43:15 status unpacked libncursesw6:amd64 6.4-4
2024-08-13 00:43:15 status half-configured libncursesw6:amd64 6.4-4
2024-08-13 00:43:15 status installed libncursesw6:amd64 6.4-4
2024-08-13 00:43:15 configure libk5crypto3:amd64 1.20.1-2+deb12u2 <none>
2024-08-13 00:43:15 status unpacked libk5crypto3:amd64 1.20.1-2+deb12u2
2024-08-13 00:43:15 status half-configured libk5crypto3:amd64 1.20.1-2+deb12u2
2024-08-13 00:43:15 status installed libk5crypto3:amd64 1.20.1-2+deb12u2
2024-08-13 00:43:15 configure libsasl2-2:amd64 2.1.28+dfsg-10 <none>
2024-08-13 00:43:15 status unpacked libsasl2-2:amd64 2.1.28+dfsg-10
2024-08-13 00:43:15 status half-configured libsasl2-2:amd64 2.1.28+dfsg-10
2024-08-13 00:43:15 status installed libsasl2-2:amd64 2.1.28+dfsg-10
2024-08-13 00:43:15 configure libssh2-1:amd64 1.10.0-3+b1 <none>
2024-08-13 00:43:15 status unpacked libssh2-1:amd64 1.10.0-3+b1
2024-08-13 00:43:15 status half-configured libssh2-1:amd64 1.10.0-3+b1
2024-08-13 00:43:15 status installed libssh2-1:amd64 1.10.0-3+b1
2024-08-13 00:43:15 configure netbase:all 6.4 <none>
2024-08-13 00:43:15 status unpacked netbase:all 6.4
2024-08-13 00:43:15 status half-configured netbase:all 6.4
2024-08-13 00:43:15 status installed netbase:all 6.4
2024-08-13 00:43:15 configure libkrb5-3:amd64 1.20.1-2+deb12u2 <none>
2024-08-13 00:43:15 status unpacked libkrb5-3:amd64 1.20.1-2+deb12u2
2024-08-13 00:43:15 status half-configured libkrb5-3:amd64 1.20.1-2+deb12u2
2024-08-13 00:43:15 status installed libkrb5-3:amd64 1.20.1-2+deb12u2
2024-08-13 00:43:15 configure openssl:amd64 3.0.13-1~deb12u1 <none>
2024-08-13 00:43:15 status unpacked openssl:amd64 3.0.13-1~deb12u1
2024-08-13 00:43:15 status half-configured openssl:amd64 3.0.13-1~deb12u1
2024-08-13 00:43:15 status installed openssl:amd64 3.0.13-1~deb12u1
2024-08-13 00:43:15 configure readline-common:all 8.2-1.3 <none>
2024-08-13 00:43:15 status unpacked readline-common:all 8.2-1.3
2024-08-13 00:43:15 status half-configured readline-common:all 8.2-1.3
2024-08-13 00:43:15 status installed readline-common:all 8.2-1.3
2024-08-13 00:43:15 configure pinentry-curses:amd64 1.2.1-1 <none>
2024-08-13 00:43:15 status unpacked pinentry-curses:amd64 1.2.1-1
2024-08-13 00:43:15 status half-configured pinentry-curses:amd64 1.2.1-1
2024-08-13 00:43:15 status installed pinentry-curses:amd64 1.2.1-1
2024-08-13 00:43:15 configure libreadline8:amd64 8.2-1.3 <none>
2024-08-13 00:43:15 status unpacked libreadline8:amd64 8.2-1.3
2024-08-13 00:43:15 status half-configured libreadline8:amd64 8.2-1.3
2024-08-13 00:43:15 status installed libreadline8:amd64 8.2-1.3
2024-08-13 00:43:15 configure libldap-2.5-0:amd64 2.5.13+dfsg-5 <none>
2024-08-13 00:43:15 status unpacked libldap-2.5-0:amd64 2.5.13+dfsg-5
2024-08-13 00:43:15 status half-configured libldap-2.5-0:amd64 2.5.13+dfsg-5
2024-08-13 00:43:15 status installed libldap-2.5-0:amd64 2.5.13+dfsg-5
2024-08-13 00:43:15 configure ca-certificates:all 20230311 <none>
2024-08-13 00:43:15 status unpacked ca-certificates:all 20230311
2024-08-13 00:43:15 status half-configured ca-certificates:all 20230311
2024-08-13 00:43:16 status installed ca-certificates:all 20230311
2024-08-13 00:43:16 status triggers-pending ca-certificates:all 20230311
2024-08-13 00:43:16 configure libgssapi-krb5-2:amd64 1.20.1-2+deb12u2 <none>
2024-08-13 00:43:16 status unpacked libgssapi-krb5-2:amd64 1.20.1-2+deb12u2
2024-08-13 00:43:16 status half-configured libgssapi-krb5-2:amd64 1.20.1-2+deb12u2
2024-08-13 00:43:16 status installed libgssapi-krb5-2:amd64 1.20.1-2+deb12u2
2024-08-13 00:43:16 configure gpgconf:amd64 2.2.40-1.1 <none>
2024-08-13 00:43:16 status unpacked gpgconf:amd64 2.2.40-1.1
2024-08-13 00:43:16 status half-configured gpgconf:amd64 2.2.40-1.1
2024-08-13 00:43:16 status installed gpgconf:amd64 2.2.40-1.1
2024-08-13 00:43:16 configure libcurl4:amd64 7.88.1-10+deb12u6 <none>
2024-08-13 00:43:16 status unpacked libcurl4:amd64 7.88.1-10+deb12u6
2024-08-13 00:43:16 status half-configured libcurl4:amd64 7.88.1-10+deb12u6
2024-08-13 00:43:16 status installed libcurl4:amd64 7.88.1-10+deb12u6
2024-08-13 00:43:16 configure curl:amd64 7.88.1-10+deb12u6 <none>
2024-08-13 00:43:16 status unpacked curl:amd64 7.88.1-10+deb12u6
2024-08-13 00:43:16 status half-configured curl:amd64 7.88.1-10+deb12u6
2024-08-13 00:43:16 status installed curl:amd64 7.88.1-10+deb12u6
2024-08-13 00:43:16 configure gpg:amd64 2.2.40-1.1 <none>
2024-08-13 00:43:16 status unpacked gpg:amd64 2.2.40-1.1
2024-08-13 00:43:16 status half-configured gpg:amd64 2.2.40-1.1
2024-08-13 00:43:16 status installed gpg:amd64 2.2.40-1.1
2024-08-13 00:43:16 configure gnupg-utils:amd64 2.2.40-1.1 <none>
2024-08-13 00:43:16 status unpacked gnupg-utils:amd64 2.2.40-1.1
2024-08-13 00:43:16 status half-configured gnupg-utils:amd64 2.2.40-1.1
2024-08-13 00:43:16 status installed gnupg-utils:amd64 2.2.40-1.1
2024-08-13 00:43:16 configure gpg-agent:amd64 2.2.40-1.1 <none>
2024-08-13 00:43:16 status unpacked gpg-agent:amd64 2.2.40-1.1
2024-08-13 00:43:16 status half-configured gpg-agent:amd64 2.2.40-1.1
2024-08-13 00:43:16 status installed gpg-agent:amd64 2.2.40-1.1
2024-08-13 00:43:16 configure gpgsm:amd64 2.2.40-1.1 <none>
2024-08-13 00:43:16 status unpacked gpgsm:amd64 2.2.40-1.1
2024-08-13 00:43:16 status half-configured gpgsm:amd64 2.2.40-1.1
2024-08-13 00:43:16 status installed gpgsm:amd64 2.2.40-1.1
2024-08-13 00:43:16 configure dirmngr:amd64 2.2.40-1.1 <none>
2024-08-13 00:43:16 status unpacked dirmngr:amd64 2.2.40-1.1
2024-08-13 00:43:16 status half-configured dirmngr:amd64 2.2.40-1.1
2024-08-13 00:43:16 status installed dirmngr:amd64 2.2.40-1.1
2024-08-13 00:43:16 configure gpg-wks-server:amd64 2.2.40-1.1 <none>
2024-08-13 00:43:16 status unpacked gpg-wks-server:amd64 2.2.40-1.1
2024-08-13 00:43:16 status half-configured gpg-wks-server:amd64 2.2.40-1.1
2024-08-13 00:43:16 status installed gpg-wks-server:amd64 2.2.40-1.1
2024-08-13 00:43:16 configure gpg-wks-client:amd64 2.2.40-1.1 <none>
2024-08-13 00:43:16 status unpacked gpg-wks-client:amd64 2.2.40-1.1
2024-08-13 00:43:16 status half-configured gpg-wks-client:amd64 2.2.40-1.1
2024-08-13 00:43:16 status installed gpg-wks-client:amd64 2.2.40-1.1
2024-08-13 00:43:16 configure gnupg:all 2.2.40-1.1 <none>
2024-08-13 00:43:16 status unpacked gnupg:all 2.2.40-1.1
2024-08-13 00:43:16 status half-configured gnupg:all 2.2.40-1.1
2024-08-13 00:43:16 status installed gnupg:all 2.2.40-1.1
2024-08-13 00:43:16 trigproc libc-bin:amd64 2.36-9+deb12u7 <none>
2024-08-13 00:43:16 status half-configured libc-bin:amd64 2.36-9+deb12u7
2024-08-13 00:43:16 status installed libc-bin:amd64 2.36-9+deb12u7
2024-08-13 00:43:16 trigproc ca-certificates:all 20230311 <none>
2024-08-13 00:43:16 status half-configured ca-certificates:all 20230311
2024-08-13 00:43:17 status installed ca-certificates:all 20230311
